This is pdfTeX, Version 3.141592653-2.6-1.40.25 (MiKTeX 23.10.12) (preloaded format=pdflatex 2024.1.5)  12 JUL 2024 16:01
entering extended mode
 restricted \write18 enabled.
 %&-line parsing enabled.
**./MA_Gesler.tex
(MA_Gesler.tex
LaTeX2e <2023-11-01>
L3 programming layer <2023-12-08>
(hgbthesis.cls
Document Class: hgbthesis 2013/05/17 LaTeX-Vorlage fuer Diplomarbeiten, Mastera
rbeiten, Bachelorarbeiten etc.
(C:\Users\admin2\AppData\Local\Programs\MiKTeX\tex/latex/base\ifthen.sty
Package: ifthen 2022/04/13 v1.1d Standard LaTeX ifthen package (DPC)
)
(C:\Users\admin2\AppData\Local\Programs\MiKTeX\tex/latex/koma-script\scrbook.cl
s
Document Class: scrbook 2023/07/07 v3.41 KOMA-Script document class (book)

(C:\Users\admin2\AppData\Local\Programs\MiKTeX\tex/latex/koma-script\scrkbase.s
ty
Package: scrkbase 2023/07/07 v3.41 KOMA-Script package (KOMA-Script-dependent b
asics and keyval usage)

(C:\Users\admin2\AppData\Local\Programs\MiKTeX\tex/latex/koma-script\scrbase.st
y
Package: scrbase 2023/07/07 v3.41 KOMA-Script package (KOMA-Script-independent 
basics and keyval usage)

(C:\Users\admin2\AppData\Local\Programs\MiKTeX\tex/latex/koma-script\scrlfile.s
ty
Package: scrlfile 2023/07/07 v3.41 KOMA-Script package (file load hooks)

(C:\Users\admin2\AppData\Local\Programs\MiKTeX\tex/latex/koma-script\scrlfile-h
ook.sty
Package: scrlfile-hook 2023/07/07 v3.41 KOMA-Script package (using LaTeX hooks)


(C:\Users\admin2\AppData\Local\Programs\MiKTeX\tex/latex/koma-script\scrlogo.st
y
Package: scrlogo 2023/07/07 v3.41 KOMA-Script package (logo)
)))
(C:\Users\admin2\AppData\Local\Programs\MiKTeX\tex/latex/graphics\keyval.sty
Package: keyval 2022/05/29 v1.15 key=value parser (DPC)
\KV@toks@=\toks17
)
Applying: [2021/05/01] Usage of raw or classic option list on input line 252.
Already applied: [0000/00/00] Usage of raw or classic option list on input line
 368.
))
(C:\Users\admin2\AppData\Local\Programs\MiKTeX\tex/latex/koma-script\tocbasic.s
ty
Package: tocbasic 2023/07/07 v3.41 KOMA-Script package (handling toc-files)
\scr@dte@tocline@numberwidth=\skip48
\scr@dte@tocline@numbox=\box51
)
Package tocbasic Info: omitting babel extension for `toc'
(tocbasic)             because of feature `nobabel' available
(tocbasic)             for `toc' on input line 135.
Package scrbook Info: You've used standard option `12pt'.
(scrbook)             This is correct!
(scrbook)             Internally I'm using `fontsize=12pt'.
(scrbook)             If you'd like to set the option with \KOMAoptions,
(scrbook)             you'd have to use `fontsize=12pt' there
(scrbook)             instead of `12pt', too.
Class scrbook Info: You've used standard option `oneside'.
(scrbook)           This is correct!
(scrbook)           Internally I'm using `twoside=false'.
(scrbook)           If you'd like to set the option with \KOMAoptions,
(scrbook)           you'd have to use `twoside=false' there
(scrbook)           instead of `oneside', too.
Class scrbook Info: File `scrsize12pt.clo' used to setup font sizes on input li
ne 2691.

(C:\Users\admin2\AppData\Local\Programs\MiKTeX\tex/latex/koma-script\scrsize12p
t.clo
File: scrsize12pt.clo 2023/07/07 v3.41 KOMA-Script font size class option (12pt
)
)
(C:\Users\admin2\AppData\Local\Programs\MiKTeX\tex/latex/koma-script\typearea.s
ty
Package: typearea 2023/07/07 v3.41 KOMA-Script package (type area)
\ta@bcor=\skip49
\ta@div=\count187
\ta@hblk=\skip50
\ta@vblk=\skip51
\ta@temp=\skip52
\footheight=\skip53
Package typearea Info: These are the values describing the layout:
(typearea)             DIV  = 12
(typearea)             BCOR = 0.0pt
(typearea)             \paperwidth      = 597.50793pt
(typearea)              \textwidth      = 448.13095pt
(typearea)              DIV departure   = -6%
(typearea)              \evensidemargin = 2.4185pt
(typearea)              \oddsidemargin  = 2.4185pt
(typearea)             \paperheight     = 845.04694pt
(typearea)              \textheight     = 635.5pt
(typearea)              \topmargin      = -41.72441pt
(typearea)              \headheight     = 18.125pt
(typearea)              \headsep        = 21.75pt
(typearea)              \topskip        = 12.0pt
(typearea)              \footskip       = 50.75pt
(typearea)              \baselineskip   = 14.5pt
(typearea)              on input line 1799.
)
\c@part=\count188
\c@chapter=\count189
\c@section=\count190
\c@subsection=\count191
\c@subsubsection=\count192
\c@paragraph=\count193
\c@subparagraph=\count194
\scr@dte@chapter@maxnumwidth=\skip54
Class scrbook Info: using compatibility default `afterindent=bysign'
(scrbook)           for `\chapter on input line 5990.
\scr@dte@section@maxnumwidth=\skip55
Class scrbook Info: using compatibility default `runin=bysign'
(scrbook)           for `\section on input line 6001.
Class scrbook Info: using compatibility default `afterindent=bysign'
(scrbook)           for `\section on input line 6001.
\scr@dte@part@maxnumwidth=\skip56
Class scrbook Info: using compatibility default `afterindent=true'
(scrbook)           for `\part on input line 6010.
\scr@dte@subsection@maxnumwidth=\skip57
Class scrbook Info: using compatibility default `runin=bysign'
(scrbook)           for `\subsection on input line 6020.
Class scrbook Info: using compatibility default `afterindent=bysign'
(scrbook)           for `\subsection on input line 6020.
\scr@dte@subsubsection@maxnumwidth=\skip58
Class scrbook Info: using compatibility default `runin=bysign'
(scrbook)           for `\subsubsection on input line 6030.
Class scrbook Info: using compatibility default `afterindent=bysign'
(scrbook)           for `\subsubsection on input line 6030.
\scr@dte@paragraph@maxnumwidth=\skip59
Class scrbook Info: using compatibility default `runin=bysign'
(scrbook)           for `\paragraph on input line 6041.
Class scrbook Info: using compatibility default `afterindent=bysign'
(scrbook)           for `\paragraph on input line 6041.
\scr@dte@subparagraph@maxnumwidth=\skip60
Class scrbook Info: using compatibility default `runin=bysign'
(scrbook)           for `\subparagraph on input line 6051.
Class scrbook Info: using compatibility default `afterindent=bysign'
(scrbook)           for `\subparagraph on input line 6051.
\abovecaptionskip=\skip61
\belowcaptionskip=\skip62
\c@pti@nb@sid@b@x=\box52
Package tocbasic Info: omitting babel extension for `lof'
(tocbasic)             because of feature `nobabel' available
(tocbasic)             for `lof' on input line 7242.
\scr@dte@figure@maxnumwidth=\skip63
\c@figure=\count195
Package tocbasic Info: omitting babel extension for `lot'
(tocbasic)             because of feature `nobabel' available
(tocbasic)             for `lot' on input line 7259.
\scr@dte@table@maxnumwidth=\skip64
\c@table=\count196
Class scrbook Info: Redefining `\numberline' on input line 7430.
\bibindent=\dimen140
) (hgb.sty
Package: hgb 2013/02/19

(C:\Users\admin2\AppData\Local\Programs\MiKTeX\tex/latex/cmap\cmap.sty
Package: cmap 2021/02/06 v1.0j CMap support: searchable PDF
)
(C:\Users\admin2\AppData\Local\Programs\MiKTeX\tex/latex/base\inputenc.sty
Package: inputenc 2021/02/14 v1.3d Input encoding file
\inpenc@prehook=\toks18
\inpenc@posthook=\toks19
)
(C:\Users\admin2\AppData\Local\Programs\MiKTeX\tex/latex/lm\lmodern.sty
Package: lmodern 2015/05/01 v1.6.1 Latin Modern Fonts
LaTeX Font Info:    Overwriting symbol font `operators' in version `normal'
(Font)                  OT1/cmr/m/n --> OT1/lmr/m/n on input line 22.
LaTeX Font Info:    Overwriting symbol font `letters' in version `normal'
(Font)                  OML/cmm/m/it --> OML/lmm/m/it on input line 23.
LaTeX Font Info:    Overwriting symbol font `symbols' in version `normal'
(Font)                  OMS/cmsy/m/n --> OMS/lmsy/m/n on input line 24.
LaTeX Font Info:    Overwriting symbol font `largesymbols' in version `normal'
(Font)                  OMX/cmex/m/n --> OMX/lmex/m/n on input line 25.
LaTeX Font Info:    Overwriting symbol font `operators' in version `bold'
(Font)                  OT1/cmr/bx/n --> OT1/lmr/bx/n on input line 26.
LaTeX Font Info:    Overwriting symbol font `letters' in version `bold'
(Font)                  OML/cmm/b/it --> OML/lmm/b/it on input line 27.
LaTeX Font Info:    Overwriting symbol font `symbols' in version `bold'
(Font)                  OMS/cmsy/b/n --> OMS/lmsy/b/n on input line 28.
LaTeX Font Info:    Overwriting symbol font `largesymbols' in version `bold'
(Font)                  OMX/cmex/m/n --> OMX/lmex/m/n on input line 29.
LaTeX Font Info:    Overwriting math alphabet `\mathbf' in version `normal'
(Font)                  OT1/cmr/bx/n --> OT1/lmr/bx/n on input line 31.
LaTeX Font Info:    Overwriting math alphabet `\mathsf' in version `normal'
(Font)                  OT1/cmss/m/n --> OT1/lmss/m/n on input line 32.
LaTeX Font Info:    Overwriting math alphabet `\mathit' in version `normal'
(Font)                  OT1/cmr/m/it --> OT1/lmr/m/it on input line 33.
LaTeX Font Info:    Overwriting math alphabet `\mathtt' in version `normal'
(Font)                  OT1/cmtt/m/n --> OT1/lmtt/m/n on input line 34.
LaTeX Font Info:    Overwriting math alphabet `\mathbf' in version `bold'
(Font)                  OT1/cmr/bx/n --> OT1/lmr/bx/n on input line 35.
LaTeX Font Info:    Overwriting math alphabet `\mathsf' in version `bold'
(Font)                  OT1/cmss/bx/n --> OT1/lmss/bx/n on input line 36.
LaTeX Font Info:    Overwriting math alphabet `\mathit' in version `bold'
(Font)                  OT1/cmr/bx/it --> OT1/lmr/bx/it on input line 37.
LaTeX Font Info:    Overwriting math alphabet `\mathtt' in version `bold'
(Font)                  OT1/cmtt/m/n --> OT1/lmtt/m/n on input line 38.
)
(C:\Users\admin2\AppData\Local\Programs\MiKTeX\tex/latex/base\fontenc.sty
Package: fontenc 2021/04/29 v2.0v Standard LaTeX package
LaTeX Font Info:    Trying to load font information for T1+lmr on input line 11
2.

(C:\Users\admin2\AppData\Local\Programs\MiKTeX\tex/latex/lm\t1lmr.fd
File: t1lmr.fd 2015/05/01 v1.6.1 Font defs for Latin Modern
)<<t1.cmap>>) (C:\Users\admin2\AppData\Local\Programs\MiKTeX\tex/generic/babel\
babel.sty
Package: babel 2023/12/06 v3.98 The Babel package
\babel@savecnt=\count197
\U@D=\dimen141
\l@unhyphenated=\language79

(C:\Users\admin2\AppData\Local\Programs\MiKTeX\tex/generic/babel\txtbabel.def)
\bbl@readstream=\read2
\bbl@dirlevel=\count198

*************************************
* Local config file bblopts.cfg used
*
(C:\Users\admin2\AppData\Local\Programs\MiKTeX\tex/latex/arabi\bblopts.cfg
File: bblopts.cfg 2005/09/08 v0.1 add Arabic and Farsi to "declared" options of
 babel
)
(C:\Users\admin2\AppData\Local\Programs\MiKTeX\tex/latex/babel-german\german.ld
f
Language: german 2021/02/27 v2.13 German support for babel (pre-1996 orthograph
y)

(C:\Users\admin2\AppData\Local\Programs\MiKTeX\tex/latex/babel-german\germanb.l
df
Language: germanb 2021/02/27 v2.13 German support for babel (pre-1996 orthograp
hy)
Package babel Info: Making " an active character on input line 139.
))
(C:\Users\admin2\AppData\Local\Programs\MiKTeX\tex/latex/babel-english\english.
ldf
Language: english 2017/06/06 v3.3r English support from the babel system
Package babel Info: Hyphen rules for 'canadian' set to \l@english
(babel)             (\language0). Reported on input line 102.
Package babel Info: Hyphen rules for 'australian' set to \l@ukenglish
(babel)             (\language73). Reported on input line 105.
Package babel Info: Hyphen rules for 'newzealand' set to \l@ukenglish
(babel)             (\language73). Reported on input line 108.
)
(C:\Users\admin2\AppData\Local\Programs\MiKTeX\tex/latex/babel-german\ngerman.l
df
Language: ngerman 2021/02/27 v2.13 German support for babel (post-1996 orthogra
phy)

(C:\Users\admin2\AppData\Local\Programs\MiKTeX\tex/latex/babel-german\ngermanb.
ldf
Language: ngermanb 2021/02/27 v2.13 German support for babel (post-1996 orthogr
aphy)
)))
(C:\Users\admin2\AppData\Local\Programs\MiKTeX\tex/generic/babel/locale/de\babe
l-ngerman.tex
Package babel Info: Importing font and identification data for ngerman
(babel)             from babel-de.ini. Reported on input line 11.
)
(C:\Users\admin2\AppData\Local\Programs\MiKTeX\tex/generic/babel/locale/en\babe
l-english.tex
Package babel Info: Importing font and identification data for english
(babel)             from babel-en.ini. Reported on input line 11.
)
(C:\Users\admin2\AppData\Local\Programs\MiKTeX\tex/generic/babel/locale/de\babe
l-german.tex
Package babel Info: Importing font and identification data for german
(babel)             from babel-de.ini. Reported on input line 25.
)
(C:\Users\admin2\AppData\Local\Programs\MiKTeX\tex/latex/datetime\datetime.sty
Package: datetime 2015/03/20 v2.60 Date Time Package

(C:\Users\admin2\AppData\Local\Programs\MiKTeX\tex/latex/etoolbox\etoolbox.sty
Package: etoolbox 2020/10/05 v2.5k e-TeX tools for LaTeX (JAW)
\etb@tempcnta=\count199
) (C:\Users\admin2\AppData\Local\Programs\MiKTeX\tex/latex/fmtcount\fmtcount.st
y
Package: fmtcount 2020/01/30 v3.07
(C:\Users\admin2\AppData\Local\Programs\MiKTeX\tex/latex/xkeyval\xkeyval.sty
Package: xkeyval 2022/06/16 v2.9 package option processing (HA)

(C:\Users\admin2\AppData\Local\Programs\MiKTeX\tex/generic/xkeyval\xkeyval.tex
(C:\Users\admin2\AppData\Local\Programs\MiKTeX\tex/generic/xkeyval\xkvutils.tex
\XKV@toks=\toks20
\XKV@tempa@toks=\toks21
)
\XKV@depth=\count266
File: xkeyval.tex 2014/12/03 v2.7a key=value parser (HA)
))
(C:\Users\admin2\AppData\Local\Programs\MiKTeX\tex/latex/fmtcount\fcprefix.sty
Package: fcprefix 2012/09/28

(C:\Users\admin2\AppData\Local\Programs\MiKTeX\tex/latex/fmtcount\fcnumparser.s
ty
Package: fcnumparser 2017/06/15
\fc@digit@counter=\count267
))
(C:\Users\admin2\AppData\Local\Programs\MiKTeX\tex/latex/amsmath\amsgen.sty
File: amsgen.sty 1999/11/30 v2.0 generic functions
\@emptytoks=\toks22
\ex@=\dimen142
)
\c@padzeroesN=\count268
\fc@tmpcatcode=\count269

(C:\Users\admin2\AppData\Local\Programs\MiKTeX\tex/latex/fmtcount\fc-english.de
f
File: fc-english.def 2016/01/12
)
(C:\Users\admin2\AppData\Local\Programs\MiKTeX\tex/latex/fmtcount\fc-german.def
File: fc-german.def 2018/06/17

(C:\Users\admin2\AppData\Local\Programs\MiKTeX\tex/latex/fmtcount\fc-germanb.de
f
File: fc-germanb.def 2013/08/17
))
(C:\Users\admin2\AppData\Local\Programs\MiKTeX\tex/latex/fmtcount\fc-ngerman.de
f
File: fc-ngerman.def 2012/06/18

(C:\Users\admin2\AppData\Local\Programs\MiKTeX\tex/latex/fmtcount\fc-ngermanb.d
ef
File: fc-ngermanb.def 2013/08/17
))
\@DT@modctr=\count270
\@ordinalctr=\count271
\@orgargctr=\count272
\@strctr=\count273
\@tmpstrctr=\count274
\@DT@loopN=\count275
\@DT@X=\count276
)
(C:\Users\admin2\AppData\Local\Programs\MiKTeX\tex/latex/datetime\datetime-defa
ults.sty
Package: datetime-defaults 2013/09/10
)
\@day=\count277
\@month=\count278
\@year=\count279
\c@HOUR=\count280
\c@HOURXII=\count281
\c@MINUTE=\count282
\c@TOHOUR=\count283
\c@TOMINUTE=\count284
\c@SECOND=\count285
\currenthour=\count286
\currentminute=\count287
\currentsecond=\count288
Package datetime Info: No datetime.cfg file found, using default settings on in
put line 308.

(C:\Users\admin2\AppData\Local\Programs\MiKTeX\tex/latex/datetime\dt-german.def
File: dt-german.def 2010/09/10
LaTeX Info: Redefining \dategerman on input line 86.
)
\@dtctr=\count289
\dayofyear=\count290
\dayofweek=\count291
LaTeX Info: Redefining \today on input line 736.

(C:\Users\admin2\AppData\Local\Programs\MiKTeX\tex/latex/datetime\dt-ngerman.de
f
File: dt-ngerman.def 2013/09/10
LaTeX Info: Redefining \datengerman on input line 86.
)
\dt@a=\toks23
\dt@b=\toks24
)
(C:\Users\admin2\AppData\Local\Programs\MiKTeX\tex/latex/eurosym\eurosym.sty
Package: eurosym 1998/08/06 v1.1 European currency symbol ``Euro''
\@eurobox=\box53
)
(C:\Users\admin2\AppData\Local\Programs\MiKTeX\tex/latex/graphics\graphicx.sty
Package: graphicx 2021/09/16 v1.2d Enhanced LaTeX Graphics (DPC,SPQR)

(C:\Users\admin2\AppData\Local\Programs\MiKTeX\tex/latex/graphics\graphics.sty
Package: graphics 2022/03/10 v1.4e Standard LaTeX Graphics (DPC,SPQR)

(C:\Users\admin2\AppData\Local\Programs\MiKTeX\tex/latex/graphics\trig.sty
Package: trig 2021/08/11 v1.11 sin cos tan (DPC)
)
(C:\Users\admin2\AppData\Local\Programs\MiKTeX\tex/latex/graphics-cfg\graphics.
cfg
File: graphics.cfg 2016/06/04 v1.11 sample graphics configuration
)
Package graphics Info: Driver file: pdftex.def on input line 107.

(C:\Users\admin2\AppData\Local\Programs\MiKTeX\tex/latex/graphics-def\pdftex.de
f
File: pdftex.def 2022/09/22 v1.2b Graphics/color driver for pdftex
))
\Gin@req@height=\dimen143
\Gin@req@width=\dimen144
) (C:\Users\admin2\AppData\Local\Programs\MiKTeX\tex/latex/url\url.sty
\Urlmuskip=\muskip16
Package: url 2013/09/16  ver 3.4  Verb mode for urls, etc.
)
(C:\Users\admin2\AppData\Local\Programs\MiKTeX\tex/latex/tools\verbatim.sty
Package: verbatim 2023-11-06 v1.5v LaTeX2e package for verbatim enhancements
\every@verbatim=\toks25
\verbatim@line=\toks26
\verbatim@in@stream=\read3
)
(C:\Users\admin2\AppData\Local\Programs\MiKTeX\tex/latex/moreverb\moreverb.sty
Package: moreverb 2008/06/03 v2.3a `more' verbatim facilities
\tab@position=\count292
\tab@size=\count293
\listing@line=\count294
) (C:\Users\admin2\AppData\Local\Programs\MiKTeX\tex/latex/float\float.sty
Package: float 2001/11/08 v1.3d Float enhancements (AL)
\c@float@type=\count295
\float@exts=\toks27
\float@box=\box54
\@float@everytoks=\toks28
\@floatcapt=\box55
)
(C:\Users\admin2\AppData\Local\Programs\MiKTeX\tex/latex/caption\caption.sty
Package: caption 2023/08/05 v3.6o Customizing captions (AR)

(C:\Users\admin2\AppData\Local\Programs\MiKTeX\tex/latex/caption\caption3.sty
Package: caption3 2023/07/31 v2.4d caption3 kernel (AR)
\caption@tempdima=\dimen145
\captionmargin=\dimen146
\caption@leftmargin=\dimen147
\caption@rightmargin=\dimen148
\caption@width=\dimen149
\caption@indent=\dimen150
\caption@parindent=\dimen151
\caption@hangindent=\dimen152
Package caption Info: KOMA-Script document class detected.

(C:\Users\admin2\AppData\Local\Programs\MiKTeX\tex/latex/caption\caption-koma.s
to
File: caption-koma.sto 2023/09/08 v2.0e Adaption of the caption package to the 
KOMA-Script document classes (AR)
))
\c@caption@flags=\count296
\c@continuedfloat=\count297
Package caption Info: float package is loaded.
Package caption Info: KOMA-Script scrextend package detected.
\caption@addmargin@hsize=\dimen153
\caption@addmargin@linewidth=\dimen154
) (C:\Users\admin2\AppData\Local\Programs\MiKTeX\tex/latex/base\exscale.sty
Package: exscale 2018/09/24 v2.1i Standard LaTeX package exscale
LaTeX Font Info:    Redeclaring symbol font `largesymbols' on input line 57.
LaTeX Font Info:    Overwriting symbol font `largesymbols' in version `normal'
(Font)                  OMX/lmex/m/n --> OMX/cmex/m/n on input line 57.
LaTeX Font Info:    Overwriting symbol font `largesymbols' in version `bold'
(Font)                  OMX/lmex/m/n --> OMX/cmex/m/n on input line 57.
\big@size=\dimen155
) (C:\Users\admin2\AppData\Local\Programs\MiKTeX\tex/latex/upquote\upquote.sty
Package: upquote 2012/04/19 v1.3 upright-quote and grave-accent glyphs in verba
tim

(C:\Users\admin2\AppData\Local\Programs\MiKTeX\tex/latex/base\textcomp.sty
Package: textcomp 2020/02/02 v2.0n Standard LaTeX package
))
(C:\Users\admin2\AppData\Local\Programs\MiKTeX\tex/latex/amsmath\amsmath.sty
Package: amsmath 2023/05/13 v2.17o AMS math features
\@mathmargin=\skip65

For additional information on amsmath, use the `?' option.
(C:\Users\admin2\AppData\Local\Programs\MiKTeX\tex/latex/amsmath\amstext.sty
Package: amstext 2021/08/26 v2.01 AMS text
)
(C:\Users\admin2\AppData\Local\Programs\MiKTeX\tex/latex/amsmath\amsbsy.sty
Package: amsbsy 1999/11/29 v1.2d Bold Symbols
\pmbraise@=\dimen156
)
(C:\Users\admin2\AppData\Local\Programs\MiKTeX\tex/latex/amsmath\amsopn.sty
Package: amsopn 2022/04/08 v2.04 operator names
)
\inf@bad=\count298
LaTeX Info: Redefining \frac on input line 234.
\uproot@=\count299
\leftroot@=\count300
LaTeX Info: Redefining \overline on input line 399.
LaTeX Info: Redefining \colon on input line 410.
\classnum@=\count301
\DOTSCASE@=\count302
LaTeX Info: Redefining \ldots on input line 496.
LaTeX Info: Redefining \dots on input line 499.
LaTeX Info: Redefining \cdots on input line 620.
\Mathstrutbox@=\box56
\strutbox@=\box57
LaTeX Info: Redefining \big on input line 722.
LaTeX Info: Redefining \Big on input line 723.
LaTeX Info: Redefining \bigg on input line 724.
LaTeX Info: Redefining \Bigg on input line 725.
\big@size=\dimen157
LaTeX Font Info:    Redeclaring font encoding OML on input line 743.
LaTeX Font Info:    Redeclaring font encoding OMS on input line 744.
\macc@depth=\count303
LaTeX Info: Redefining \bmod on input line 905.
LaTeX Info: Redefining \pmod on input line 910.
LaTeX Info: Redefining \smash on input line 940.
LaTeX Info: Redefining \relbar on input line 970.
LaTeX Info: Redefining \Relbar on input line 971.
\c@MaxMatrixCols=\count304
\dotsspace@=\muskip17
\c@parentequation=\count305
\dspbrk@lvl=\count306
\tag@help=\toks29
\row@=\count307
\column@=\count308
\maxfields@=\count309
\andhelp@=\toks30
\eqnshift@=\dimen158
\alignsep@=\dimen159
\tagshift@=\dimen160
\tagwidth@=\dimen161
\totwidth@=\dimen162
\lineht@=\dimen163
\@envbody=\toks31
\multlinegap=\skip66
\multlinetaggap=\skip67
\mathdisplay@stack=\toks32
LaTeX Info: Redefining \[ on input line 2953.
LaTeX Info: Redefining \] on input line 2954.
)
(C:\Users\admin2\AppData\Local\Programs\MiKTeX\tex/latex/amsfonts\amsfonts.sty
Package: amsfonts 2013/01/14 v3.01 Basic AMSFonts support
\symAMSa=\mathgroup4
\symAMSb=\mathgroup5
LaTeX Font Info:    Redeclaring math symbol \hbar on input line 98.
LaTeX Font Info:    Overwriting math alphabet `\mathfrak' in version `bold'
(Font)                  U/euf/m/n --> U/euf/b/n on input line 106.
) (C:\Users\admin2\AppData\Local\Programs\MiKTeX\tex/latex/tools\xspace.sty
Package: xspace 2014/10/28 v1.13 Space after command names (DPC,MH)
)
(C:\Users\admin2\AppData\Local\Programs\MiKTeX\tex/latex/algorithms\algorithm.s
ty
Package: algorithm 2009/08/24 v0.1 Document Style `algorithm' - floating enviro
nment
\@float@every@algorithm=\toks33
\c@algorithm=\count310
)
(C:\Users\admin2\AppData\Local\Programs\MiKTeX\tex/latex/algorithmicx\algorithm
icx.sty
Package: algorithmicx 2005/04/27 v1.2 Algorithmicx

Document Style algorithmicx 1.2 - a greatly improved `algorithmic' style
\c@ALG@line=\count311
\c@ALG@rem=\count312
\c@ALG@nested=\count313
\ALG@tlm=\skip68
\ALG@thistlm=\skip69
\c@ALG@Lnr=\count314
\c@ALG@blocknr=\count315
\c@ALG@storecount=\count316
\c@ALG@tmpcounter=\count317
\ALG@tmplength=\skip70
)
(C:\Users\admin2\AppData\Local\Programs\MiKTeX\tex/latex/algorithmicx\algpseudo
code.sty
Package: algpseudocode 

Document Style - pseudocode environments for use with the `algorithmicx' style
)
\@float@every@program=\toks34
\c@program=\count318
 (C:\Users\admin2\AppData\Local\Programs\MiKTeX\tex/latex/graphics\color.sty
Package: color 2022/01/06 v1.3d Standard LaTeX Color (DPC)

(C:\Users\admin2\AppData\Local\Programs\MiKTeX\tex/latex/graphics-cfg\color.cfg
File: color.cfg 2016/01/02 v1.6 sample color configuration
)
Package color Info: Driver file: pdftex.def on input line 149.

(C:\Users\admin2\AppData\Local\Programs\MiKTeX\tex/latex/graphics\mathcolor.ltx
))
(C:\Users\admin2\AppData\Local\Programs\MiKTeX\tex/latex/listingsutf8\listingsu
tf8.sty
Package: listingsutf8 2019-12-10 v1.5 Allow UTF-8 in listings input (HO)

(C:\Users\admin2\AppData\Local\Programs\MiKTeX\tex/latex/listings\listings.sty
\lst@mode=\count319
\lst@gtempboxa=\box58
\lst@token=\toks35
\lst@length=\count320
\lst@currlwidth=\dimen164
\lst@column=\count321
\lst@pos=\count322
\lst@lostspace=\dimen165
\lst@width=\dimen166
\lst@newlines=\count323
\lst@lineno=\count324
\lst@maxwidth=\dimen167

(C:\Users\admin2\AppData\Local\Programs\MiKTeX\tex/latex/listings\lstmisc.sty
File: lstmisc.sty 2023/02/27 1.9 (Carsten Heinz)
\c@lstnumber=\count325
\lst@skipnumbers=\count326
\lst@framebox=\box59
)
(C:\Users\admin2\AppData\Local\Programs\MiKTeX\tex/latex/listings\listings.cfg
File: listings.cfg 2023/02/27 1.9 listings configuration
))
Package: listings 2023/02/27 1.9 (Carsten Heinz)

(C:\Users\admin2\AppData\Local\Programs\MiKTeX\tex/generic/pdftexcmds\pdftexcmd
s.sty
Package: pdftexcmds 2020-06-27 v0.33 Utility functions of pdfTeX for LuaTeX (HO
)

(C:\Users\admin2\AppData\Local\Programs\MiKTeX\tex/generic/infwarerr\infwarerr.
sty
Package: infwarerr 2019/12/03 v1.5 Providing info/warning/error messages (HO)
) (C:\Users\admin2\AppData\Local\Programs\MiKTeX\tex/generic/iftex\iftex.sty
Package: iftex 2022/02/03 v1.0f TeX engine tests
)
(C:\Users\admin2\AppData\Local\Programs\MiKTeX\tex/generic/ltxcmds\ltxcmds.sty
Package: ltxcmds 2023-12-04 v1.26 LaTeX kernel commands for general use (HO)
)
Package pdftexcmds Info: \pdf@primitive is available.
Package pdftexcmds Info: \pdf@ifprimitive is available.
Package pdftexcmds Info: \pdfdraftmode found.
)
(C:\Users\admin2\AppData\Local\Programs\MiKTeX\tex/generic/stringenc\stringenc.
sty
Package: stringenc 2019/11/29 v1.12 Convert strings between diff. encodings (HO
)

(C:\Users\admin2\AppData\Local\Programs\MiKTeX\tex/generic/pdfescape\pdfescape.
sty
Package: pdfescape 2019/12/09 v1.15 Implements pdfTeX's escape features (HO)
)))
(C:\Users\admin2\AppData\Local\Programs\MiKTeX\tex/latex/hyperref\hyperref.sty
Package: hyperref 2023-11-26 v7.01g Hypertext links for LaTeX

(C:\Users\admin2\AppData\Local\Programs\MiKTeX\tex/latex/kvsetkeys\kvsetkeys.st
y
Package: kvsetkeys 2022-10-05 v1.19 Key value parser (HO)
)
(C:\Users\admin2\AppData\Local\Programs\MiKTeX\tex/generic/kvdefinekeys\kvdefin
ekeys.sty
Package: kvdefinekeys 2019-12-19 v1.6 Define keys (HO)
)
(C:\Users\admin2\AppData\Local\Programs\MiKTeX\tex/latex/hycolor\hycolor.sty
Package: hycolor 2020-01-27 v1.10 Color options for hyperref/bookmark (HO)
)
(C:\Users\admin2\AppData\Local\Programs\MiKTeX\tex/latex/letltxmacro\letltxmacr
o.sty
Package: letltxmacro 2019/12/03 v1.6 Let assignment for LaTeX macros (HO)
)
(C:\Users\admin2\AppData\Local\Programs\MiKTeX\tex/latex/auxhook\auxhook.sty
Package: auxhook 2019-12-17 v1.6 Hooks for auxiliary files (HO)
)
(C:\Users\admin2\AppData\Local\Programs\MiKTeX\tex/latex/hyperref\nameref.sty
Package: nameref 2023-11-26 v2.56 Cross-referencing by name of section

(C:\Users\admin2\AppData\Local\Programs\MiKTeX\tex/latex/refcount\refcount.sty
Package: refcount 2019/12/15 v3.6 Data extraction from label references (HO)
)
(C:\Users\admin2\AppData\Local\Programs\MiKTeX\tex/generic/gettitlestring\getti
tlestring.sty
Package: gettitlestring 2019/12/15 v1.6 Cleanup title references (HO)

(C:\Users\admin2\AppData\Local\Programs\MiKTeX\tex/latex/kvoptions\kvoptions.st
y
Package: kvoptions 2022-06-15 v3.15 Key value format for package options (HO)
))
\c@section@level=\count327
)
\@linkdim=\dimen168
\Hy@linkcounter=\count328
\Hy@pagecounter=\count329

(C:\Users\admin2\AppData\Local\Programs\MiKTeX\tex/latex/hyperref\pd1enc.def
File: pd1enc.def 2023-11-26 v7.01g Hyperref: PDFDocEncoding definition (HO)
Now handling font encoding PD1 ...
... no UTF-8 mapping file for font encoding PD1
)
(C:\Users\admin2\AppData\Local\Programs\MiKTeX\tex/generic/intcalc\intcalc.sty
Package: intcalc 2019/12/15 v1.3 Expandable calculations with integers (HO)
)
\Hy@SavedSpaceFactor=\count330
(C:\Users\admin2\AppData\Local\Programs\MiKTeX\tex/latex/hyperref\puenc.def
File: puenc.def 2023-11-26 v7.01g Hyperref: PDF Unicode definition (HO)
Now handling font encoding PU ...
... no UTF-8 mapping file for font encoding PU
)
Package hyperref Info: Option `unicode' set `true' on input line 4064.
Package hyperref Info: Hyper figures OFF on input line 4181.
Package hyperref Info: Link nesting OFF on input line 4186.
Package hyperref Info: Hyper index ON on input line 4189.
Package hyperref Info: Plain pages OFF on input line 4196.
Package hyperref Info: Backreferencing OFF on input line 4201.
Package hyperref Info: Implicit mode ON; LaTeX internals redefined.
Package hyperref Info: Bookmarks ON on input line 4448.
\c@Hy@tempcnt=\count331
LaTeX Info: Redefining \url on input line 4786.
\XeTeXLinkMargin=\dimen169

(C:\Users\admin2\AppData\Local\Programs\MiKTeX\tex/generic/bitset\bitset.sty
Package: bitset 2019/12/09 v1.3 Handle bit-vector datatype (HO)

(C:\Users\admin2\AppData\Local\Programs\MiKTeX\tex/generic/bigintcalc\bigintcal
c.sty
Package: bigintcalc 2019/12/15 v1.5 Expandable calculations on big integers (HO
)
))
\Fld@menulength=\count332
\Field@Width=\dimen170
\Fld@charsize=\dimen171
Package hyperref Info: Hyper figures OFF on input line 6065.
Package hyperref Info: Link nesting OFF on input line 6070.
Package hyperref Info: Hyper index ON on input line 6073.
Package hyperref Info: backreferencing OFF on input line 6080.
Package hyperref Info: Link coloring OFF on input line 6085.
Package hyperref Info: Link coloring with OCG OFF on input line 6090.
Package hyperref Info: PDF/A mode OFF on input line 6095.

(C:\Users\admin2\AppData\Local\Programs\MiKTeX\tex/latex/base\atbegshi-ltx.sty
Package: atbegshi-ltx 2021/01/10 v1.0c Emulation of the original atbegshi
package with kernel methods
)
\Hy@abspage=\count333
\c@Item=\count334
\c@Hfootnote=\count335
)
Package hyperref Info: Driver (autodetected): hpdftex.
 (C:\Users\admin2\AppData\Local\Programs\MiKTeX\tex/latex/hyperref\hpdftex.def
File: hpdftex.def 2023-11-26 v7.01g Hyperref driver for pdfTeX

(C:\Users\admin2\AppData\Local\Programs\MiKTeX\tex/latex/base\atveryend-ltx.sty
Package: atveryend-ltx 2020/08/19 v1.0a Emulation of the original atveryend pac
kage
with kernel methods
)
\Fld@listcount=\count336
\c@bookmark@seq@number=\count337

(C:\Users\admin2\AppData\Local\Programs\MiKTeX\tex/latex/rerunfilecheck\rerunfi
lecheck.sty
Package: rerunfilecheck 2022-07-10 v1.10 Rerun checks for auxiliary files (HO)

(C:\Users\admin2\AppData\Local\Programs\MiKTeX\tex/generic/uniquecounter\unique
counter.sty
Package: uniquecounter 2019/12/15 v1.4 Provide unlimited unique counter (HO)
)
Package uniquecounter Info: New unique counter `rerunfilecheck' on input line 2
85.
)
\Hy@SectionHShift=\skip71
)
Package hyperref Info: Option `colorlinks' set `true' on input line 540.

(C:\Users\admin2\AppData\Local\Programs\MiKTeX\tex/latex/oberdiek\hypcap.sty
Package: hypcap 2016/05/16 v1.12 Adjusting the anchors of captions (HO)
)
(C:\Users\admin2\AppData\Local\Programs\MiKTeX\tex/generic/iftex\ifpdf.sty
Package: ifpdf 2019/10/25 v3.4 ifpdf legacy package. Use iftex instead.
)
(C:\Users\admin2\AppData\Local\Programs\MiKTeX\tex/latex/epstopdf-pkg\epstopdf.
sty
Package: epstopdf 2020-01-24 v2.11 Conversion with epstopdf on the fly (HO)
 (C:\Users\admin2\AppData\Local\Programs\MiKTeX\tex/latex/grfext\grfext.sty
Package: grfext 2019/12/03 v1.3 Manage graphics extensions (HO)
)
(C:\Users\admin2\AppData\Local\Programs\MiKTeX\tex/latex/epstopdf-pkg\epstopdf-
base.sty
Package: epstopdf-base 2020-01-24 v2.11 Base part for package epstopdf
Package epstopdf-base Info: Redefining graphics rule for `.eps' on input line 4
85.
Package grfext Info: Graphics extension search list:
(grfext)             [.pdf,.png,.jpg,.mps,.jpeg,.jbig2,.jb2,.PDF,.PNG,.JPG,.JPE
G,.JBIG2,.JB2,.eps]
(grfext)             \AppendGraphicsExtensions on input line 504.

(C:\Users\admin2\AppData\Local\Programs\MiKTeX\tex/latex/00miktex\epstopdf-sys.
cfg
File: epstopdf-sys.cfg 2021/03/18 v2.0 Configuration of epstopdf for MiKTeX
)))
(C:\Users\admin2\AppData\Local\Programs\MiKTeX\tex/latex/enumitem\enumitem.sty
Package: enumitem 2019/06/20 v3.9 Customized lists
\labelindent=\skip72
\enit@outerparindent=\dimen172
\enit@toks=\toks36
\enit@inbox=\box60
\enit@count@id=\count338
\enitdp@description=\count339
))
\c@@abgabetag=\count340
\c@@abgabemonat=\count341
\c@@abgabejahr=\count342
 (hgbheadings.sty

Class scrbook Warning: Usage of package `fancyhdr' together
(scrbook)              with a KOMA-Script class is not recommended.
(scrbook)              I'd suggest to use 
(scrbook)              package `scrlayer' or `scrlayer-scrpage', because
(scrbook)              they support KOMA-Script classes.
(scrbook)              With `fancyhdr' several features of class `scrbook'
(scrbook)              like options `headsepline', `footsepline' or command
(scrbook)              `\MakeMarkcase' and the commands `\setkomafont' and
(scrbook)              `\addtokomafont' for the page style elements need
(scrbook)              explicite user intervention to work.
(scrbook)              Nevertheless, using requested
(scrbook)              package `fancyhdr' on input line 4.

(C:\Users\admin2\AppData\Local\Programs\MiKTeX\tex/latex/fancyhdr\fancyhdr.sty
Package: fancyhdr 2024/04/23 v4.2 Extensive control of page headers and footers

\f@nch@headwidth=\skip73
\f@nch@O@elh=\skip74
\f@nch@O@erh=\skip75
\f@nch@O@olh=\skip76
\f@nch@O@orh=\skip77
\f@nch@O@elf=\skip78
\f@nch@O@erf=\skip79
\f@nch@O@olf=\skip80
\f@nch@O@orf=\skip81
)) (hgbbib.sty
(C:\Users\admin2\AppData\Local\Programs\MiKTeX\tex/latex/csquotes\csquotes.sty
Package: csquotes 2024-04-04 v5.2o context-sensitive quotations (JAW)
\csq@reset=\count343
\csq@gtype=\count344
\csq@glevel=\count345
\csq@qlevel=\count346
\csq@maxlvl=\count347
\csq@tshold=\count348
\csq@ltx@everypar=\toks37

(C:\Users\admin2\AppData\Local\Programs\MiKTeX\tex/latex/csquotes\csquotes.def
File: csquotes.def 2024-04-04 v5.2o csquotes generic definitions (JAW)
)
Package csquotes Info: Trying to load configuration file 'csquotes.cfg'...
Package csquotes Info: ... configuration file loaded successfully.
(C:\Users\admin2\AppData\Local\Programs\MiKTeX\tex/latex/csquotes\csquotes.cfg
File: csquotes.cfg 
))
(C:\Users\admin2\AppData\Local\Programs\MiKTeX\tex/latex/biblatex\biblatex.sty
Package: biblatex 2023/03/05 v3.19 programmable bibliographies (PK/MW)

(C:\Users\admin2\AppData\Local\Programs\MiKTeX\tex/latex/logreq\logreq.sty
Package: logreq 2010/08/04 v1.0 xml request logger
\lrq@indent=\count349

(C:\Users\admin2\AppData\Local\Programs\MiKTeX\tex/latex/logreq\logreq.def
File: logreq.def 2010/08/04 v1.0 logreq spec v1.0
))
\c@tabx@nest=\count350
\c@listtotal=\count351
\c@listcount=\count352
\c@liststart=\count353
\c@liststop=\count354
\c@citecount=\count355
\c@citetotal=\count356
\c@multicitecount=\count357
\c@multicitetotal=\count358
\c@instcount=\count359
\c@maxnames=\count360
\c@minnames=\count361
\c@maxitems=\count362
\c@minitems=\count363
\c@citecounter=\count364
\c@maxcitecounter=\count365
\c@savedcitecounter=\count366
\c@uniquelist=\count367
\c@uniquename=\count368
\c@refsection=\count369
\c@refsegment=\count370
\c@maxextratitle=\count371
\c@maxextratitleyear=\count372
\c@maxextraname=\count373
\c@maxextradate=\count374
\c@maxextraalpha=\count375
\c@abbrvpenalty=\count376
\c@highnamepenalty=\count377
\c@lownamepenalty=\count378
\c@maxparens=\count379
\c@parenlevel=\count380
\blx@tempcnta=\count381
\blx@tempcntb=\count382
\blx@tempcntc=\count383
\c@blx@maxsection=\count384
\blx@maxsegment@0=\count385
\blx@notetype=\count386
\blx@parenlevel@text=\count387
\blx@parenlevel@foot=\count388
\blx@sectionciteorder@0=\count389
\blx@sectionciteorderinternal@0=\count390
\blx@entrysetcounter=\count391
\blx@biblioinstance=\count392
\labelnumberwidth=\skip82
\labelalphawidth=\skip83
\biblabelsep=\skip84
\bibitemsep=\skip85
\bibnamesep=\skip86
\bibinitsep=\skip87
\bibparsep=\skip88
\bibhang=\skip89
\blx@bcfin=\read4
\blx@bcfout=\write3
\blx@langwohyphens=\language80
\c@mincomprange=\count393
\c@maxcomprange=\count394
\c@mincompwidth=\count395
Package biblatex Info: Trying to load biblatex default data model...
Package biblatex Info: ... file 'blx-dm.def' found.

(C:\Users\admin2\AppData\Local\Programs\MiKTeX\tex/latex/biblatex\blx-dm.def
File: blx-dm.def 2023/03/05 v3.19 biblatex localization (PK/MW)
)
Package biblatex Info: Trying to load biblatex style data model...
Package biblatex Info: ... file 'numeric-comp.dbx' not found.
Package biblatex Info: Trying to load biblatex custom data model...
Package biblatex Info: ... file 'biblatex-dm.cfg' not found.
\c@afterword=\count396
\c@savedafterword=\count397
\c@annotator=\count398
\c@savedannotator=\count399
\c@author=\count400
\c@savedauthor=\count401
\c@bookauthor=\count402
\c@savedbookauthor=\count403
\c@commentator=\count404
\c@savedcommentator=\count405
\c@editor=\count406
\c@savededitor=\count407
\c@editora=\count408
\c@savededitora=\count409
\c@editorb=\count410
\c@savededitorb=\count411
\c@editorc=\count412
\c@savededitorc=\count413
\c@foreword=\count414
\c@savedforeword=\count415
\c@holder=\count416
\c@savedholder=\count417
\c@introduction=\count418
\c@savedintroduction=\count419
\c@namea=\count420
\c@savednamea=\count421
\c@nameb=\count422
\c@savednameb=\count423
\c@namec=\count424
\c@savednamec=\count425
\c@translator=\count426
\c@savedtranslator=\count427
\c@shortauthor=\count428
\c@savedshortauthor=\count429
\c@shorteditor=\count430
\c@savedshorteditor=\count431
\c@labelname=\count432
\c@savedlabelname=\count433
\c@institution=\count434
\c@savedinstitution=\count435
\c@lista=\count436
\c@savedlista=\count437
\c@listb=\count438
\c@savedlistb=\count439
\c@listc=\count440
\c@savedlistc=\count441
\c@listd=\count442
\c@savedlistd=\count443
\c@liste=\count444
\c@savedliste=\count445
\c@listf=\count446
\c@savedlistf=\count447
\c@location=\count448
\c@savedlocation=\count449
\c@organization=\count450
\c@savedorganization=\count451
\c@origlocation=\count452
\c@savedoriglocation=\count453
\c@origpublisher=\count454
\c@savedorigpublisher=\count455
\c@publisher=\count456
\c@savedpublisher=\count457
\c@language=\count458
\c@savedlanguage=\count459
\c@origlanguage=\count460
\c@savedoriglanguage=\count461
\c@pageref=\count462
\c@savedpageref=\count463
\shorthandwidth=\skip90
\shortjournalwidth=\skip91
\shortserieswidth=\skip92
\shorttitlewidth=\skip93
\shortauthorwidth=\skip94
\shorteditorwidth=\skip95
\locallabelnumberwidth=\skip96
\locallabelalphawidth=\skip97
\localshorthandwidth=\skip98
\localshortjournalwidth=\skip99
\localshortserieswidth=\skip100
\localshorttitlewidth=\skip101
\localshortauthorwidth=\skip102
\localshorteditorwidth=\skip103
Package biblatex Info: Trying to load compatibility code...
Package biblatex Info: ... file 'blx-compat.def' found.

(C:\Users\admin2\AppData\Local\Programs\MiKTeX\tex/latex/biblatex\blx-compat.de
f
File: blx-compat.def 2023/03/05 v3.19 biblatex compatibility (PK/MW)
)
Package biblatex Info: Trying to load generic definitions...
Package biblatex Info: ... file 'biblatex.def' found.

(C:\Users\admin2\AppData\Local\Programs\MiKTeX\tex/latex/biblatex\biblatex.def
File: biblatex.def 2023/03/05 v3.19 biblatex compatibility (PK/MW)
\c@textcitecount=\count464
\c@textcitetotal=\count465
\c@textcitemaxnames=\count466
\c@biburlbigbreakpenalty=\count467
\c@biburlbreakpenalty=\count468
\c@biburlnumpenalty=\count469
\c@biburlucpenalty=\count470
\c@biburllcpenalty=\count471
\biburlbigskip=\muskip18
\biburlnumskip=\muskip19
\biburlucskip=\muskip20
\biburllcskip=\muskip21
\c@smartand=\count472
)
Package biblatex Info: Trying to load bibliography style 'numeric-comp'...
Package biblatex Info: ... file 'numeric-comp.bbx' found.

(C:\Users\admin2\AppData\Local\Programs\MiKTeX\tex/latex/biblatex/bbx\numeric-c
omp.bbx
File: numeric-comp.bbx 2023/03/05 v3.19 biblatex bibliography style (PK/MW)
Package biblatex Info: Trying to load bibliography style 'numeric'...
Package biblatex Info: ... file 'numeric.bbx' found.

(C:\Users\admin2\AppData\Local\Programs\MiKTeX\tex/latex/biblatex/bbx\numeric.b
bx
File: numeric.bbx 2023/03/05 v3.19 biblatex bibliography style (PK/MW)
Package biblatex Info: Trying to load bibliography style 'standard'...
Package biblatex Info: ... file 'standard.bbx' found.

(C:\Users\admin2\AppData\Local\Programs\MiKTeX\tex/latex/biblatex/bbx\standard.
bbx
File: standard.bbx 2023/03/05 v3.19 biblatex bibliography style (PK/MW)
\c@bbx:relatedcount=\count473
\c@bbx:relatedtotal=\count474
)))
Package biblatex Info: Trying to load citation style 'numeric-comp'...
Package biblatex Info: ... file 'numeric-comp.cbx' found.

(C:\Users\admin2\AppData\Local\Programs\MiKTeX\tex/latex/biblatex/cbx\numeric-c
omp.cbx
File: numeric-comp.cbx 2023/03/05 v3.19 biblatex citation style (PK/MW)
\c@cbx@tempcnta=\count475
\c@cbx@tempcntb=\count476
\c@cbx@tempcntc=\count477
\c@cbx@tempcntd=\count478
Package biblatex Info: Redefining '\cite'.
Package biblatex Info: Redefining '\parencite'.
Package biblatex Info: Redefining '\footcite'.
Package biblatex Info: Redefining '\footcitetext'.
Package biblatex Info: Redefining '\smartcite'.
Package biblatex Info: Redefining '\supercite'.
Package biblatex Info: Redefining '\textcite'.
Package biblatex Info: Redefining '\textcites'.
Package biblatex Info: Redefining '\cites'.
Package biblatex Info: Redefining '\parencites'.
Package biblatex Info: Redefining '\smartcites'.
)
Package biblatex Info: Trying to load configuration file...
Package biblatex Info: ... file 'biblatex.cfg' found.

(C:\Users\admin2\AppData\Local\Programs\MiKTeX\tex/latex/biblatex\biblatex.cfg
File: biblatex.cfg 
)
Package biblatex Info: Input encoding 'utf8' detected.
Package biblatex Info: Document encoding is UTF8 ....
(C:\Users\admin2\AppData\Local\Programs\MiKTeX\tex/latex/l3kernel\expl3.sty
Package: expl3 2023-12-08 L3 programming layer (loader) 

(C:\Users\admin2\AppData\Local\Programs\MiKTeX\tex/latex/l3backend\l3backend-pd
ftex.def
File: l3backend-pdftex.def 2023-11-09 L3 backend support: PDF output (pdfTeX)
\l__color_backend_stack_int=\count479
\l__pdf_internal_box=\box61
))
Package biblatex Info: ... and expl3
(biblatex)             2023-12-08 L3 programming layer (loader) 
(biblatex)             is new enough (at least 2020/04/06),
(biblatex)             setting 'casechanger=expl3'.

(C:\Users\admin2\AppData\Local\Programs\MiKTeX\tex/latex/biblatex\blx-case-expl
3.sty
(C:\Users\admin2\AppData\Local\Programs\MiKTeX\tex/latex/l3packages/xparse\xpar
se.sty
Package: xparse 2023-10-10 L3 Experimental document command parser
)
Package: blx-case-expl3 2023/03/05 v3.19 expl3 case changing code for biblatex
))))
(C:\Users\admin2\AppData\Local\Programs\MiKTeX\tex/latex/framed\framed.sty
Package: framed 2011/10/22 v 0.96: framed or shaded text with page breaks
\OuterFrameSep=\skip104
\fb@frw=\dimen173
\fb@frh=\dimen174
\FrameRule=\dimen175
\FrameSep=\dimen176
)
(C:\Users\admin2\AppData\Local\Programs\MiKTeX\tex/latex/pgf/frontendlayer\tikz
.sty
(C:\Users\admin2\AppData\Local\Programs\MiKTeX\tex/latex/pgf/basiclayer\pgf.sty

(C:\Users\admin2\AppData\Local\Programs\MiKTeX\tex/latex/pgf/utilities\pgfrcs.s
ty
(C:\Users\admin2\AppData\Local\Programs\MiKTeX\tex/generic/pgf/utilities\pgfuti
l-common.tex
\pgfutil@everybye=\toks38
\pgfutil@tempdima=\dimen177
\pgfutil@tempdimb=\dimen178
)
(C:\Users\admin2\AppData\Local\Programs\MiKTeX\tex/generic/pgf/utilities\pgfuti
l-latex.def
\pgfutil@abb=\box62
)
(C:\Users\admin2\AppData\Local\Programs\MiKTeX\tex/generic/pgf/utilities\pgfrcs
.code.tex
(C:\Users\admin2\AppData\Local\Programs\MiKTeX\tex/generic/pgf\pgf.revision.tex
)
Package: pgfrcs 2023-01-15 v3.1.10 (3.1.10)
))
Package: pgf 2023-01-15 v3.1.10 (3.1.10)

(C:\Users\admin2\AppData\Local\Programs\MiKTeX\tex/latex/pgf/basiclayer\pgfcore
.sty
(C:\Users\admin2\AppData\Local\Programs\MiKTeX\tex/latex/pgf/systemlayer\pgfsys
.sty
(C:\Users\admin2\AppData\Local\Programs\MiKTeX\tex/generic/pgf/systemlayer\pgfs
ys.code.tex
Package: pgfsys 2023-01-15 v3.1.10 (3.1.10)

(C:\Users\admin2\AppData\Local\Programs\MiKTeX\tex/generic/pgf/utilities\pgfkey
s.code.tex
\pgfkeys@pathtoks=\toks39
\pgfkeys@temptoks=\toks40

(C:\Users\admin2\AppData\Local\Programs\MiKTeX\tex/generic/pgf/utilities\pgfkey
slibraryfiltered.code.tex
\pgfkeys@tmptoks=\toks41
))
\pgf@x=\dimen179
\pgf@y=\dimen180
\pgf@xa=\dimen181
\pgf@ya=\dimen182
\pgf@xb=\dimen183
\pgf@yb=\dimen184
\pgf@xc=\dimen185
\pgf@yc=\dimen186
\pgf@xd=\dimen187
\pgf@yd=\dimen188
\w@pgf@writea=\write4
\r@pgf@reada=\read5
\c@pgf@counta=\count480
\c@pgf@countb=\count481
\c@pgf@countc=\count482
\c@pgf@countd=\count483
\t@pgf@toka=\toks42
\t@pgf@tokb=\toks43
\t@pgf@tokc=\toks44
\pgf@sys@id@count=\count484

(C:\Users\admin2\AppData\Local\Programs\MiKTeX\tex/generic/pgf/systemlayer\pgf.
cfg
File: pgf.cfg 2023-01-15 v3.1.10 (3.1.10)
)
Driver file for pgf: pgfsys-pdftex.def

(C:\Users\admin2\AppData\Local\Programs\MiKTeX\tex/generic/pgf/systemlayer\pgfs
ys-pdftex.def
File: pgfsys-pdftex.def 2023-01-15 v3.1.10 (3.1.10)

(C:\Users\admin2\AppData\Local\Programs\MiKTeX\tex/generic/pgf/systemlayer\pgfs
ys-common-pdf.def
File: pgfsys-common-pdf.def 2023-01-15 v3.1.10 (3.1.10)
)))
(C:\Users\admin2\AppData\Local\Programs\MiKTeX\tex/generic/pgf/systemlayer\pgfs
yssoftpath.code.tex
File: pgfsyssoftpath.code.tex 2023-01-15 v3.1.10 (3.1.10)
\pgfsyssoftpath@smallbuffer@items=\count485
\pgfsyssoftpath@bigbuffer@items=\count486
)
(C:\Users\admin2\AppData\Local\Programs\MiKTeX\tex/generic/pgf/systemlayer\pgfs
ysprotocol.code.tex
File: pgfsysprotocol.code.tex 2023-01-15 v3.1.10 (3.1.10)
))
(C:\Users\admin2\AppData\Local\Programs\MiKTeX\tex/latex/xcolor\xcolor.sty
Package: xcolor 2023/11/15 v3.01 LaTeX color extensions (UK)

(C:\Users\admin2\AppData\Local\Programs\MiKTeX\tex/latex/graphics-cfg\color.cfg
File: color.cfg 2016/01/02 v1.6 sample color configuration
)
Package xcolor Info: Driver file: pdftex.def on input line 274.
LaTeX Info: Redefining \color on input line 758.

(C:\Users\admin2\AppData\Local\Programs\MiKTeX\tex/latex/graphics\mathcolor.ltx
)
Package xcolor Info: Model `cmy' substituted by `cmy0' on input line 1350.
Package xcolor Info: Model `hsb' substituted by `rgb' on input line 1354.
Package xcolor Info: Model `RGB' extended on input line 1366.
Package xcolor Info: Model `HTML' substituted by `rgb' on input line 1368.
Package xcolor Info: Model `Hsb' substituted by `hsb' on input line 1369.
Package xcolor Info: Model `tHsb' substituted by `hsb' on input line 1370.
Package xcolor Info: Model `HSB' substituted by `hsb' on input line 1371.
Package xcolor Info: Model `Gray' substituted by `gray' on input line 1372.
Package xcolor Info: Model `wave' substituted by `hsb' on input line 1373.
)
(C:\Users\admin2\AppData\Local\Programs\MiKTeX\tex/generic/pgf/basiclayer\pgfco
re.code.tex
Package: pgfcore 2023-01-15 v3.1.10 (3.1.10)

(C:\Users\admin2\AppData\Local\Programs\MiKTeX\tex/generic/pgf/math\pgfmath.cod
e.tex
(C:\Users\admin2\AppData\Local\Programs\MiKTeX\tex/generic/pgf/math\pgfmathutil
.code.tex)
(C:\Users\admin2\AppData\Local\Programs\MiKTeX\tex/generic/pgf/math\pgfmathpars
er.code.tex
\pgfmath@dimen=\dimen189
\pgfmath@count=\count487
\pgfmath@box=\box63
\pgfmath@toks=\toks45
\pgfmath@stack@operand=\toks46
\pgfmath@stack@operation=\toks47
)
(C:\Users\admin2\AppData\Local\Programs\MiKTeX\tex/generic/pgf/math\pgfmathfunc
tions.code.tex)
(C:\Users\admin2\AppData\Local\Programs\MiKTeX\tex/generic/pgf/math\pgfmathfunc
tions.basic.code.tex)
(C:\Users\admin2\AppData\Local\Programs\MiKTeX\tex/generic/pgf/math\pgfmathfunc
tions.trigonometric.code.tex)
(C:\Users\admin2\AppData\Local\Programs\MiKTeX\tex/generic/pgf/math\pgfmathfunc
tions.random.code.tex)
(C:\Users\admin2\AppData\Local\Programs\MiKTeX\tex/generic/pgf/math\pgfmathfunc
tions.comparison.code.tex)
(C:\Users\admin2\AppData\Local\Programs\MiKTeX\tex/generic/pgf/math\pgfmathfunc
tions.base.code.tex)
(C:\Users\admin2\AppData\Local\Programs\MiKTeX\tex/generic/pgf/math\pgfmathfunc
tions.round.code.tex)
(C:\Users\admin2\AppData\Local\Programs\MiKTeX\tex/generic/pgf/math\pgfmathfunc
tions.misc.code.tex)
(C:\Users\admin2\AppData\Local\Programs\MiKTeX\tex/generic/pgf/math\pgfmathfunc
tions.integerarithmetics.code.tex)
(C:\Users\admin2\AppData\Local\Programs\MiKTeX\tex/generic/pgf/math\pgfmathcalc
.code.tex)
(C:\Users\admin2\AppData\Local\Programs\MiKTeX\tex/generic/pgf/math\pgfmathfloa
t.code.tex
\c@pgfmathroundto@lastzeros=\count488
))
(C:\Users\admin2\AppData\Local\Programs\MiKTeX\tex/generic/pgf/math\pgfint.code
.tex)
(C:\Users\admin2\AppData\Local\Programs\MiKTeX\tex/generic/pgf/basiclayer\pgfco
repoints.code.tex
File: pgfcorepoints.code.tex 2023-01-15 v3.1.10 (3.1.10)
\pgf@picminx=\dimen190
\pgf@picmaxx=\dimen191
\pgf@picminy=\dimen192
\pgf@picmaxy=\dimen193
\pgf@pathminx=\dimen194
\pgf@pathmaxx=\dimen195
\pgf@pathminy=\dimen196
\pgf@pathmaxy=\dimen197
\pgf@xx=\dimen198
\pgf@xy=\dimen199
\pgf@yx=\dimen256
\pgf@yy=\dimen257
\pgf@zx=\dimen258
\pgf@zy=\dimen259
)
(C:\Users\admin2\AppData\Local\Programs\MiKTeX\tex/generic/pgf/basiclayer\pgfco
repathconstruct.code.tex
File: pgfcorepathconstruct.code.tex 2023-01-15 v3.1.10 (3.1.10)
\pgf@path@lastx=\dimen260
\pgf@path@lasty=\dimen261
)
(C:\Users\admin2\AppData\Local\Programs\MiKTeX\tex/generic/pgf/basiclayer\pgfco
repathusage.code.tex
File: pgfcorepathusage.code.tex 2023-01-15 v3.1.10 (3.1.10)
\pgf@shorten@end@additional=\dimen262
\pgf@shorten@start@additional=\dimen263
)
(C:\Users\admin2\AppData\Local\Programs\MiKTeX\tex/generic/pgf/basiclayer\pgfco
rescopes.code.tex
File: pgfcorescopes.code.tex 2023-01-15 v3.1.10 (3.1.10)
\pgfpic=\box64
\pgf@hbox=\box65
\pgf@layerbox@main=\box66
\pgf@picture@serial@count=\count489
)
(C:\Users\admin2\AppData\Local\Programs\MiKTeX\tex/generic/pgf/basiclayer\pgfco
regraphicstate.code.tex
File: pgfcoregraphicstate.code.tex 2023-01-15 v3.1.10 (3.1.10)
\pgflinewidth=\dimen264
)
(C:\Users\admin2\AppData\Local\Programs\MiKTeX\tex/generic/pgf/basiclayer\pgfco
retransformations.code.tex
File: pgfcoretransformations.code.tex 2023-01-15 v3.1.10 (3.1.10)
\pgf@pt@x=\dimen265
\pgf@pt@y=\dimen266
\pgf@pt@temp=\dimen267
)
(C:\Users\admin2\AppData\Local\Programs\MiKTeX\tex/generic/pgf/basiclayer\pgfco
requick.code.tex
File: pgfcorequick.code.tex 2023-01-15 v3.1.10 (3.1.10)
)
(C:\Users\admin2\AppData\Local\Programs\MiKTeX\tex/generic/pgf/basiclayer\pgfco
reobjects.code.tex
File: pgfcoreobjects.code.tex 2023-01-15 v3.1.10 (3.1.10)
)
(C:\Users\admin2\AppData\Local\Programs\MiKTeX\tex/generic/pgf/basiclayer\pgfco
repathprocessing.code.tex
File: pgfcorepathprocessing.code.tex 2023-01-15 v3.1.10 (3.1.10)
)
(C:\Users\admin2\AppData\Local\Programs\MiKTeX\tex/generic/pgf/basiclayer\pgfco
rearrows.code.tex
File: pgfcorearrows.code.tex 2023-01-15 v3.1.10 (3.1.10)
\pgfarrowsep=\dimen268
)
(C:\Users\admin2\AppData\Local\Programs\MiKTeX\tex/generic/pgf/basiclayer\pgfco
reshade.code.tex
File: pgfcoreshade.code.tex 2023-01-15 v3.1.10 (3.1.10)
\pgf@max=\dimen269
\pgf@sys@shading@range@num=\count490
\pgf@shadingcount=\count491
)
(C:\Users\admin2\AppData\Local\Programs\MiKTeX\tex/generic/pgf/basiclayer\pgfco
reimage.code.tex
File: pgfcoreimage.code.tex 2023-01-15 v3.1.10 (3.1.10)
)
(C:\Users\admin2\AppData\Local\Programs\MiKTeX\tex/generic/pgf/basiclayer\pgfco
reexternal.code.tex
File: pgfcoreexternal.code.tex 2023-01-15 v3.1.10 (3.1.10)
\pgfexternal@startupbox=\box67
)
(C:\Users\admin2\AppData\Local\Programs\MiKTeX\tex/generic/pgf/basiclayer\pgfco
relayers.code.tex
File: pgfcorelayers.code.tex 2023-01-15 v3.1.10 (3.1.10)
)
(C:\Users\admin2\AppData\Local\Programs\MiKTeX\tex/generic/pgf/basiclayer\pgfco
retransparency.code.tex
File: pgfcoretransparency.code.tex 2023-01-15 v3.1.10 (3.1.10)
)
(C:\Users\admin2\AppData\Local\Programs\MiKTeX\tex/generic/pgf/basiclayer\pgfco
repatterns.code.tex
File: pgfcorepatterns.code.tex 2023-01-15 v3.1.10 (3.1.10)
)
(C:\Users\admin2\AppData\Local\Programs\MiKTeX\tex/generic/pgf/basiclayer\pgfco
rerdf.code.tex
File: pgfcorerdf.code.tex 2023-01-15 v3.1.10 (3.1.10)
)))
(C:\Users\admin2\AppData\Local\Programs\MiKTeX\tex/generic/pgf/modules\pgfmodul
eshapes.code.tex
File: pgfmoduleshapes.code.tex 2023-01-15 v3.1.10 (3.1.10)
\pgfnodeparttextbox=\box68
)
(C:\Users\admin2\AppData\Local\Programs\MiKTeX\tex/generic/pgf/modules\pgfmodul
eplot.code.tex
File: pgfmoduleplot.code.tex 2023-01-15 v3.1.10 (3.1.10)
)
(C:\Users\admin2\AppData\Local\Programs\MiKTeX\tex/latex/pgf/compatibility\pgfc
omp-version-0-65.sty
Package: pgfcomp-version-0-65 2023-01-15 v3.1.10 (3.1.10)
\pgf@nodesepstart=\dimen270
\pgf@nodesepend=\dimen271
)
(C:\Users\admin2\AppData\Local\Programs\MiKTeX\tex/latex/pgf/compatibility\pgfc
omp-version-1-18.sty
Package: pgfcomp-version-1-18 2023-01-15 v3.1.10 (3.1.10)
))
(C:\Users\admin2\AppData\Local\Programs\MiKTeX\tex/latex/pgf/utilities\pgffor.s
ty
(C:\Users\admin2\AppData\Local\Programs\MiKTeX\tex/latex/pgf/utilities\pgfkeys.
sty
(C:\Users\admin2\AppData\Local\Programs\MiKTeX\tex/generic/pgf/utilities\pgfkey
s.code.tex))
(C:\Users\admin2\AppData\Local\Programs\MiKTeX\tex/latex/pgf/math\pgfmath.sty
(C:\Users\admin2\AppData\Local\Programs\MiKTeX\tex/generic/pgf/math\pgfmath.cod
e.tex))
(C:\Users\admin2\AppData\Local\Programs\MiKTeX\tex/generic/pgf/utilities\pgffor
.code.tex
Package: pgffor 2023-01-15 v3.1.10 (3.1.10)
\pgffor@iter=\dimen272
\pgffor@skip=\dimen273
\pgffor@stack=\toks48
\pgffor@toks=\toks49
))
(C:\Users\admin2\AppData\Local\Programs\MiKTeX\tex/generic/pgf/frontendlayer/ti
kz\tikz.code.tex
Package: tikz 2023-01-15 v3.1.10 (3.1.10)

(C:\Users\admin2\AppData\Local\Programs\MiKTeX\tex/generic/pgf/libraries\pgflib
raryplothandlers.code.tex
File: pgflibraryplothandlers.code.tex 2023-01-15 v3.1.10 (3.1.10)
\pgf@plot@mark@count=\count492
\pgfplotmarksize=\dimen274
)
\tikz@lastx=\dimen275
\tikz@lasty=\dimen276
\tikz@lastxsaved=\dimen277
\tikz@lastysaved=\dimen278
\tikz@lastmovetox=\dimen279
\tikz@lastmovetoy=\dimen280
\tikzleveldistance=\dimen281
\tikzsiblingdistance=\dimen282
\tikz@figbox=\box69
\tikz@figbox@bg=\box70
\tikz@tempbox=\box71
\tikz@tempbox@bg=\box72
\tikztreelevel=\count493
\tikznumberofchildren=\count494
\tikznumberofcurrentchild=\count495
\tikz@fig@count=\count496

(C:\Users\admin2\AppData\Local\Programs\MiKTeX\tex/generic/pgf/modules\pgfmodul
ematrix.code.tex
File: pgfmodulematrix.code.tex 2023-01-15 v3.1.10 (3.1.10)
\pgfmatrixcurrentrow=\count497
\pgfmatrixcurrentcolumn=\count498
\pgf@matrix@numberofcolumns=\count499
)
\tikz@expandcount=\count500

(C:\Users\admin2\AppData\Local\Programs\MiKTeX\tex/generic/pgf/frontendlayer/ti
kz/libraries\tikzlibrarytopaths.code.tex
File: tikzlibrarytopaths.code.tex 2023-01-15 v3.1.10 (3.1.10)
)))
(C:\Users\admin2\AppData\Local\Programs\MiKTeX\tex/generic/pgf/frontendlayer/ti
kz/libraries\tikzlibrarydecorations.pathreplacing.code.tex
(C:\Users\admin2\AppData\Local\Programs\MiKTeX\tex/generic/pgf/frontendlayer/ti
kz/libraries\tikzlibrarydecorations.code.tex
(C:\Users\admin2\AppData\Local\Programs\MiKTeX\tex/generic/pgf/modules\pgfmodul
edecorations.code.tex
\pgfdecoratedcompleteddistance=\dimen283
\pgfdecoratedremainingdistance=\dimen284
\pgfdecoratedinputsegmentcompleteddistance=\dimen285
\pgfdecoratedinputsegmentremainingdistance=\dimen286
\pgf@decorate@distancetomove=\dimen287
\pgf@decorate@repeatstate=\count501
\pgfdecorationsegmentamplitude=\dimen288
\pgfdecorationsegmentlength=\dimen289
)
\tikz@lib@dec@box=\box73
)
(C:\Users\admin2\AppData\Local\Programs\MiKTeX\tex/generic/pgf/libraries/decora
tions\pgflibrarydecorations.pathreplacing.code.tex))
(C:\Users\admin2\AppData\Local\Programs\MiKTeX\tex/latex/chngcntr\chngcntr.sty
Package: chngcntr 2018/04/09 v1.1a change counter resetting
Package chngcntr Info: \counterwithout already defined.
(chngcntr)             Quitting chngcntr on input line 21.
) (C:\Users\admin2\AppData\Local\Programs\MiKTeX\tex/latex/jknappen\mathrsfs.st
y
Package: mathrsfs 1996/01/01 Math RSFS package v1.0 (jk)
\symrsfs=\mathgroup6
) (C:\Users\admin2\AppData\Local\Programs\MiKTeX\tex/latex/amscls\amsthm.sty
Package: amsthm 2020/05/29 v2.20.6
\thm@style=\toks50
\thm@bodyfont=\toks51
\thm@headfont=\toks52
\thm@notefont=\toks53
\thm@headpunct=\toks54
\thm@preskip=\skip105
\thm@postskip=\skip106
\thm@headsep=\skip107
\dth@everypar=\toks55
)
(C:\Users\admin2\AppData\Local\Programs\MiKTeX\tex/latex/xpatch\xpatch.sty
Package: xpatch 2020/03/25 v0.3a Extending etoolbox patching commands
)
Class scrbook Info: amsthm's \deferred@thm@head patched.

(C:\Users\admin2\AppData\Local\Programs\MiKTeX\tex/generic/xypic\xy.sty
(C:\Users\admin2\AppData\Local\Programs\MiKTeX\tex/generic/xypic\xy.tex
Bootstrap'ing: catcodes, docmode,
(C:\Users\admin2\AppData\Local\Programs\MiKTeX\tex/generic/xypic\xyrecat.tex)
(C:\Users\admin2\AppData\Local\Programs\MiKTeX\tex/generic/xypic\xyidioms.tex)

 Xy-pic version 3.8.9 <2013/10/06>
 Copyright (c) 1991-2013 by Kristoffer H. Rose <krisrose@tug.org> and others
 Xy-pic is free software: see the User's Guide for details.

Loading kernel: messages; fonts; allocations: state,
\X@c=\dimen290
\Y@c=\dimen291
\U@c=\dimen292
\D@c=\dimen293
\L@c=\dimen294
\R@c=\dimen295
\Edge@c=\toks56
\X@p=\dimen296
\Y@p=\dimen297
\U@p=\dimen298
\D@p=\dimen299
\L@p=\dimen300
\R@p=\dimen301
\Edge@p=\toks57
\X@origin=\dimen302
\Y@origin=\dimen303
\X@xbase=\dimen304
\Y@xbase=\dimen305
\X@ybase=\dimen306
\Y@ybase=\dimen307
\X@min=\dimen308
\Y@min=\dimen309
\X@max=\dimen310
\Y@max=\dimen311
\lastobjectbox@=\box74
\zerodotbox@=\box75
\almostz@=\dimen312
 direction,
\d@X=\dimen313
\d@Y=\dimen314
\K@=\count502
\KK@=\count503
\Direction=\count504
\K@dXdY=\dimen315
\K@dYdX=\dimen316
\xyread@=\read6
\xywrite@=\write5
\csp@=\count505
\quotPTK@=\dimen317

utility macros; pictures: \xy, positions,
\swaptoks@@=\toks58
\connectobjectbox@@=\box76
 objects,
\styletoks@=\toks59
 decorations;
kernel objects: directionals, circles, text; options; algorithms: directions,
edges, connections;  Xy-pic loaded)
Package: xy 2013/10/06 Xy-pic version 3.8.9

(C:\Users\admin2\AppData\Local\Programs\MiKTeX\tex/generic/xypic\xycmtip.tex
 Xy-pic option: Computer Modern tip extension v.3.7
(C:\Users\admin2\AppData\Local\Programs\MiKTeX\tex/generic/xypic\xytips.tex
 Xy-pic option: More Tips extension v.3.11 loaded) loaded)
(C:\Users\admin2\AppData\Local\Programs\MiKTeX\tex/generic/xypic\xyall.tex
 Xy-pic option: All features v.3.8
(C:\Users\admin2\AppData\Local\Programs\MiKTeX\tex/generic/xypic\xycurve.tex
 Xy-pic option: Curve and Spline extension v.3.12 curve,
\crv@cnt@=\count506
\crvpts@=\toks60
\splinebox@=\box77
\splineval@=\dimen318
\splinedepth@=\dimen319
\splinetol@=\dimen320
\splinelength@=\dimen321
 circles,
\L@=\dimen322
 loaded)
(C:\Users\admin2\AppData\Local\Programs\MiKTeX\tex/generic/xypic\xyframe.tex
 Xy-pic option: Frame and Bracket extension v.3.14 loaded)
(C:\Users\admin2\AppData\Local\Programs\MiKTeX\tex/generic/xypic\xyline.tex
 Xy-pic option: Line styles extension v.3.10
\xylinethick@=\dimen323
 loaded)
(C:\Users\admin2\AppData\Local\Programs\MiKTeX\tex/generic/xypic\xyrotate.tex
 Xy-pic option: Rotate and Scale extension v.3.8 loaded)
(C:\Users\admin2\AppData\Local\Programs\MiKTeX\tex/generic/xypic\xycolor.tex
 Xy-pic option: Colour extension v.3.11 loaded)
(C:\Users\admin2\AppData\Local\Programs\MiKTeX\tex/generic/xypic\xymatrix.tex
 Xy-pic option: Matrix feature v.3.14
\Row=\count507
\Col=\count508
\queue@=\toks61
\queue@@=\toks62
\qcount@=\count509
\qcount@@=\count510
\matrixsize@=\count511
 loaded)
(C:\Users\admin2\AppData\Local\Programs\MiKTeX\tex/generic/xypic\xyarrow.tex
 Xy-pic option: Arrow and Path feature v.3.9 path, \ar, loaded)
(C:\Users\admin2\AppData\Local\Programs\MiKTeX\tex/generic/xypic\xygraph.tex
 Xy-pic option: Graph feature v.3.11 loaded) loaded)
(C:\Users\admin2\AppData\Local\Programs\MiKTeX\tex/generic/xypic\xypdf.tex
 Xy-pic option: PDF driver v.1.7 Xy-pic pdf driver: `color' extension support
(C:\Users\admin2\AppData\Local\Programs\MiKTeX\tex/generic/xypic\xypdf-co.tex
loaded) Xy-pic pdf driver: `curve' extension support
(C:\Users\admin2\AppData\Local\Programs\MiKTeX\tex/generic/xypic\xypdf-cu.tex
loaded) Xy-pic pdf driver: `frame' extension support
(C:\Users\admin2\AppData\Local\Programs\MiKTeX\tex/generic/xypic\xypdf-fr.tex
loaded) Xy-pic pdf driver: `line' extension support
(C:\Users\admin2\AppData\Local\Programs\MiKTeX\tex/generic/xypic\xypdf-li.tex
loaded) Xy-pic pdf driver: `rotate' extension support
(C:\Users\admin2\AppData\Local\Programs\MiKTeX\tex/generic/xypic\xypdf-ro.tex
loaded) loaded))
(C:\Users\admin2\AppData\Local\Programs\MiKTeX\tex/latex/geometry\geometry.sty
Package: geometry 2020/01/02 v5.9 Page Geometry

(C:\Users\admin2\AppData\Local\Programs\MiKTeX\tex/generic/iftex\ifvtex.sty
Package: ifvtex 2019/10/25 v1.7 ifvtex legacy package. Use iftex instead.
)
\Gm@cnth=\count512
\Gm@cntv=\count513
\c@Gm@tempcnt=\count514
\Gm@bindingoffset=\dimen324
\Gm@wd@mp=\dimen325
\Gm@odd@mp=\dimen326
\Gm@even@mp=\dimen327
\Gm@layoutwidth=\dimen328
\Gm@layoutheight=\dimen329
\Gm@layouthoffset=\dimen330
\Gm@layoutvoffset=\dimen331
\Gm@dimlist=\toks63

(C:\Users\admin2\AppData\Local\Programs\MiKTeX\tex/latex/geometry\geometry.cfg)
)
(C:\Users\admin2\AppData\Local\Programs\MiKTeX\tex/latex/matlab-prettifier\matl
ab-prettifier.sty
Package: matlab-prettifier 2014/06/19 v0.3 A package for prettyprinting Matlab 
source code


Package matlab-prettifier Warning: Unknown `mlscaleinline=true' option on input
 line 60.

\netBracketCount@mlpr=\count515
\blkLvl@mlpr=\count516
\blkLvlAtClassdef@mlpr=\count517
\emHeight@mlpr=\skip108
\jayDepth@mlpr=\skip109
\sectionRuleOffset@mlpr=\skip110
\toks@mlpr=\toks64
)
Package Listings Info: Made @ a short reference for \lstinline on input line 83
.

(C:\Users\admin2\AppData\Local\Programs\MiKTeX\tex/latex/extarrows\extarrows.st
y
Package: extarrows 2020/03/12 v1.2.0 Some extensible arrows
) (C:\Users\admin2\AppData\Local\Programs\MiKTeX\tex/latex/subfig\subfig.sty
Package: subfig 2005/06/28 ver: 1.3 subfig package
\c@KVtest=\count518
\sf@farskip=\skip111
\sf@captopadj=\dimen332
\sf@capskip=\skip112
\sf@nearskip=\skip113
\c@subfigure=\count519
\c@subfigure@save=\count520
\c@lofdepth=\count521
\c@subtable=\count522
\c@subtable@save=\count523
\c@lotdepth=\count524
\sf@top=\skip114
\sf@bottom=\skip115
)
\c@theorem=\count525
\c@lemma=\count526
\c@Definition=\count527
\c@Bemerkung=\count528
Package csquotes Info: Checking for multilingual support...
Package csquotes Info: ... found 'babel' package.
Package csquotes Info: Adjusting default style.
Package csquotes Info: Redefining alias 'default' -> 'ngerman'.

(MA_Gesler.aux (Zusammenfassung.aux) (captures/01.aux) (captures/anhang_a.aux)
(captures/anhang_b.aux))
\openout1 = `MA_Gesler.aux'.

LaTeX Font Info:    Checking defaults for OML/cmm/m/it on input line 115.
LaTeX Font Info:    ... okay on input line 115.
LaTeX Font Info:    Checking defaults for OMS/cmsy/m/n on input line 115.
LaTeX Font Info:    ... okay on input line 115.
LaTeX Font Info:    Checking defaults for OT1/cmr/m/n on input line 115.
LaTeX Font Info:    ... okay on input line 115.
LaTeX Font Info:    Checking defaults for T1/cmr/m/n on input line 115.
LaTeX Font Info:    ... okay on input line 115.
LaTeX Font Info:    Checking defaults for TS1/cmr/m/n on input line 115.
LaTeX Font Info:    ... okay on input line 115.
LaTeX Font Info:    Checking defaults for OMX/cmex/m/n on input line 115.
LaTeX Font Info:    ... okay on input line 115.
LaTeX Font Info:    Checking defaults for U/cmr/m/n on input line 115.
LaTeX Font Info:    ... okay on input line 115.
LaTeX Font Info:    Checking defaults for PD1/pdf/m/n on input line 115.
LaTeX Font Info:    ... okay on input line 115.
LaTeX Font Info:    Checking defaults for PU/pdf/m/n on input line 115.
LaTeX Font Info:    ... okay on input line 115.

(C:\Users\admin2\AppData\Local\Programs\MiKTeX\tex/context/base/mkii\supp-pdf.m
kii
[Loading MPS to PDF converter (version 2006.09.02).]
\scratchcounter=\count529
\scratchdimen=\dimen333
\scratchbox=\box78
\nofMPsegments=\count530
\nofMParguments=\count531
\everyMPshowfont=\toks65
\MPscratchCnt=\count532
\MPscratchDim=\dimen334
\MPnumerator=\count533
\makeMPintoPDFobject=\count534
\everyMPtoPDFconversion=\toks66
)
Package caption Info: Begin \AtBeginDocument code.
Package caption Info: subfig package v1.3 is loaded.
Package caption Info: hyperref package is loaded.
Package caption Info: hypcap package is loaded.
Package caption Info: listings package is loaded.
Package caption Info: End \AtBeginDocument code.
\c@lstlisting=\count535
Package hyperref Info: Link coloring ON on input line 115.
 (MA_Gesler.out) (MA_Gesler.out)
\@outlinefile=\write6
\openout6 = `MA_Gesler.out'.

Class scrbook Info: loading recommended package `bookmark'.
(scrbook)           Using `bookmark' together with `hyperref' is recommended,
(scrbook)           because of handling of possible bookmark level gaps.
(scrbook)           You can avoid loading `bookmark' with KOMA-Script option
(scrbook)           `bookmarkpackage=false' before \begin{document} and
(scrbook)           you can avoid this message adding:
(scrbook)             \usepackage{bookmark}
(scrbook)           before \begin{document} on input line 115.

(C:\Users\admin2\AppData\Local\Programs\MiKTeX\tex/latex/bookmark\bookmark.sty
Package: bookmark 2023-12-05 v1.30 PDF bookmarks (HO)

(C:\Users\admin2\AppData\Local\Programs\MiKTeX\tex/latex/bookmark\bkm-pdftex.de
f
File: bkm-pdftex.def 2023-12-05 v1.30 bookmark driver for pdfTeX and luaTeX (HO
)
\BKM@id=\count536
))
Package biblatex Info: Trying to load language 'ngerman'...
Package biblatex Info: ... file 'ngerman.lbx' found.

(C:\Users\admin2\AppData\Local\Programs\MiKTeX\tex/latex/biblatex/lbx\ngerman.l
bx
File: ngerman.lbx 2023/03/05 v3.19 biblatex localization (PK/MW)
Package biblatex Info: Trying to load language 'german'...
Package biblatex Info: ... file 'german.lbx' found.

(C:\Users\admin2\AppData\Local\Programs\MiKTeX\tex/latex/biblatex/lbx\german.lb
x
File: german.lbx 2023/03/05 v3.19 biblatex localization (PK/MW)
)
Package biblatex Info: Trying to load language 'german'...
Package biblatex Info: ... file 'german.lbx' found.

(C:\Users\admin2\AppData\Local\Programs\MiKTeX\tex/latex/biblatex/lbx\german.lb
x
File: german.lbx 2023/03/05 v3.19 biblatex localization (PK/MW)
))
Package biblatex Info: Trying to load language 'english'...
Package biblatex Info: ... file 'english.lbx' found.

(C:\Users\admin2\AppData\Local\Programs\MiKTeX\tex/latex/biblatex/lbx\english.l
bx
File: english.lbx 2023/03/05 v3.19 biblatex localization (PK/MW)
)
Package biblatex Info: Trying to load language 'german'...
Package biblatex Info: ... file 'german.lbx' found.

(C:\Users\admin2\AppData\Local\Programs\MiKTeX\tex/latex/biblatex/lbx\german.lb
x
File: german.lbx 2023/03/05 v3.19 biblatex localization (PK/MW)
)
Package biblatex Info: Input encoding 'utf8' detected.
Package biblatex Info: Automatic encoding selection.
(biblatex)             Assuming data encoding 'utf8'.
\openout3 = `MA_Gesler.bcf'.

Package biblatex Info: Trying to load bibliographic data...
Package biblatex Info: ... file 'MA_Gesler.bbl' found.
 (MA_Gesler.bbl)

Package biblatex Warning: citation 'Buzug04'
(biblatex)                was not found at all in the .bbl file,
(biblatex)                bibliography labels cannot be generated,
(biblatex)                please correct the citation.


Package biblatex Warning: citation 'Burg91'
(biblatex)                was not found at all in the .bbl file,
(biblatex)                bibliography labels cannot be generated,
(biblatex)                please correct the citation.


Package biblatex Warning: citation 'Heuser75'
(biblatex)                was not found at all in the .bbl file,
(biblatex)                bibliography labels cannot be generated,
(biblatex)                please correct the citation.


Package biblatex Warning: citation 'Rieder03'
(biblatex)                was not found at all in the .bbl file,
(biblatex)                bibliography labels cannot be generated,
(biblatex)                please correct the citation.


Package biblatex Warning: citation 'Hansen'
(biblatex)                was not found at all in the .bbl file,
(biblatex)                bibliography labels cannot be generated,
(biblatex)                please correct the citation.

Package biblatex Info: Reference section=0 on input line 115.
Package biblatex Info: Reference segment=0 on input line 115.
LaTeX Font Info:    Trying to load font information for OT1+lmr on input line 1
15.
(C:\Users\admin2\AppData\Local\Programs\MiKTeX\tex/latex/lm\ot1lmr.fd
File: ot1lmr.fd 2015/05/01 v1.6.1 Font defs for Latin Modern
)<<ot1.cmap>>
LaTeX Font Info:    Trying to load font information for OML+lmm on input line 1
15.
 (C:\Users\admin2\AppData\Local\Programs\MiKTeX\tex/latex/lm\omllmm.fd
File: omllmm.fd 2015/05/01 v1.6.1 Font defs for Latin Modern
)<<oml.cmap>>
LaTeX Font Info:    Trying to load font information for OMS+lmsy on input line 
115.
 (C:\Users\admin2\AppData\Local\Programs\MiKTeX\tex/latex/lm\omslmsy.fd
File: omslmsy.fd 2015/05/01 v1.6.1 Font defs for Latin Modern
)<<oms.cmap>><<omx.cmap>>
LaTeX Font Info:    Trying to load font information for U+msa on input line 115
.

(C:\Users\admin2\AppData\Local\Programs\MiKTeX\tex/latex/amsfonts\umsa.fd
File: umsa.fd 2013/01/14 v3.01 AMS symbols A
)
LaTeX Font Info:    Trying to load font information for U+msb on input line 115
.

(C:\Users\admin2\AppData\Local\Programs\MiKTeX\tex/latex/amsfonts\umsb.fd
File: umsb.fd 2013/01/14 v3.01 AMS symbols B
)
LaTeX Font Info:    Trying to load font information for U+rsfs on input line 11
5.

(C:\Users\admin2\AppData\Local\Programs\MiKTeX\tex/latex/jknappen\ursfs.fd
File: ursfs.fd 1998/03/24 rsfs font definition file (jk)
)
Package xypdf Info: Line width: 0.47998pt on input line 115.

*geometry* driver: auto-detecting
*geometry* detected driver: pdftex
*geometry* verbose mode - [ preamble ] result:
* driver: pdftex
* paper: <default>
* layout: <same size as paper>
* layoutoffset:(h,v)=(0.0pt,0.0pt)
* modes: 
* h-part:(L,W,R)=(85.35826pt, 426.79141pt, 85.35826pt)
* v-part:(T,H,B)=(85.35826pt, 688.5568pt, 71.13188pt)
* \paperwidth=597.50793pt
* \paperheight=845.04694pt
* \textwidth=426.79141pt
* \textheight=688.5568pt
* \oddsidemargin=13.08827pt
* \evensidemargin=13.08827pt
* \topmargin=-41.28673pt
* \headheight=32.625pt
* \headsep=21.75pt
* \topskip=12.0pt
* \footskip=50.75pt
* \marginparwidth=49.79233pt
* \marginparsep=12.8401pt
* \columnsep=10.0pt
* \skip\footins=10.8pt plus 4.0pt minus 2.0pt
* \hoffset=0.0pt
* \voffset=0.0pt
* \mag=1000
* \@twocolumnfalse
* \@twosidefalse
* \@mparswitchfalse
* \@reversemarginfalse
* (1in=72.27pt=25.4mm, 1cm=28.453pt)

<images/bht_logos/BHT_Logo_kompakt_horizontal_Anthrazit_transparent.pdf, id=11,
 200.17686pt x 85.35829pt>
File: images/bht_logos/BHT_Logo_kompakt_horizontal_Anthrazit_transparent.pdf Gr
aphic file (type pdf)
<use images/bht_logos/BHT_Logo_kompakt_horizontal_Anthrazit_transparent.pdf>
Package pdftex.def Info: images/bht_logos/BHT_Logo_kompakt_horizontal_Anthrazit
_transparent.pdf  used on input line 121.
(pdftex.def)             Requested size: 213.3957pt x 90.99643pt.
[1


{C:/Users/admin2/AppData/Local/MiKTeX/fonts/map/pdftex/pdftex.map}{C:/Users/adm
in2/AppData/Local/Programs/MiKTeX/fonts/enc/dvips/lm/lm-ec.enc} <./images/bht_l
ogos/BHT_Logo_kompakt_horizontal_Anthrazit_transparent.pdf>]
\openout2 = `Zusammenfassung.aux'.


No file Zusammenfassung.tex.
LaTeX Font Info:    Trying to load font information for T1+lmss on input line 1
64.
(C:\Users\admin2\AppData\Local\Programs\MiKTeX\tex/latex/lm\t1lmss.fd
File: t1lmss.fd 2015/05/01 v1.6.1 Font defs for Latin Modern
)
(MA_Gesler.toc

Package xcolor Warning: Incompatible color definition on input line 2.


Package xcolor Warning: Incompatible color definition on input line 3.


Package xcolor Warning: Incompatible color definition on input line 4.


Package xcolor Warning: Incompatible color definition on input line 5.


Package xcolor Warning: Incompatible color definition on input line 6.


Package xcolor Warning: Incompatible color definition on input line 7.


Package xcolor Warning: Incompatible color definition on input line 8.


Package xcolor Warning: Incompatible color definition on input line 9.


Package xcolor Warning: Incompatible color definition on input line 10.


Package xcolor Warning: Incompatible color definition on input line 11.


Package xcolor Warning: Incompatible color definition on input line 12.


Package xcolor Warning: Incompatible color definition on input line 18.


Package xcolor Warning: Incompatible color definition on input line 19.


Package xcolor Warning: Incompatible color definition on input line 20.


Package xcolor Warning: Incompatible color definition on input line 21.


Package xcolor Warning: Incompatible color definition on input line 22.


Package xcolor Warning: Incompatible color definition on input line 23.


Package xcolor Warning: Incompatible color definition on input line 24.


Package xcolor Warning: Incompatible color definition on input line 25.


Package xcolor Warning: Incompatible color definition on input line 27.


Package xcolor Warning: Incompatible color definition on input line 28.


Package xcolor Warning: Incompatible color definition on input line 29.

)
\tf@toc=\write7
\openout7 = `MA_Gesler.toc'.

 [2





{C:/Users/admin2/AppData/Local/Programs/MiKTeX/fonts/enc/dvips/lm/lm-mathit.enc
}{C:/Users/admin2/AppData/Local/Programs/MiKTeX/fonts/enc/dvips/lm/lm-rm.enc}{C
:/Users/admin2/AppData/Local/Programs/MiKTeX/fonts/enc/dvips/lm/lm-mathsy.enc}]
\openout2 = `captures/01.aux'.

 (captures/01.tex
chapter 1.

Class scrbook Warning: \float@addtolists detected!
(scrbook)              Implementation of \float@addtolist became
(scrbook)              deprecated in KOMA-Script v3.01 2008/11/14 and
(scrbook)              has been replaced by several more flexible
(scrbook)              features of package `tocbasic`.
(scrbook)              Since Version 3.12 support for deprecated
(scrbook)              \float@addtolist interface has been
(scrbook)              restricted to only some of the KOMA-Script
(scrbook)              features and been removed from others.
(scrbook)              Loading of package `scrhack' may help to
(scrbook)              avoid this warning, if you are using a
(scrbook)              a package that still implements the
(scrbook)              deprecated \float@addtolist interface.

<images/em_spektrum.png, id=81, 509.40312pt x 155.07938pt>
File: images/em_spektrum.png Graphic file (type png)
<use images/em_spektrum.png>
Package pdftex.def Info: images/em_spektrum.png  used on input line 20.
(pdftex.def)             Requested size: 426.79141pt x 129.93448pt.

Package xcolor Warning: Incompatible color definition on input line 21.


Package xcolor Warning: Incompatible color definition on input line 21.


LaTeX Warning: `!h' float specifier changed to `!ht'.


Package xcolor Warning: Incompatible color definition on input line 25.

[1




]
Underfull \hbox (badness 10000) in paragraph at lines 30--31

 []


Underfull \hbox (badness 10000) in paragraph at lines 32--33

 []


Package xcolor Warning: Incompatible color definition on input line 37.


Underfull \hbox (badness 10000) in paragraph at lines 37--38

 []

[2 <./images/em_spektrum.png>]

LaTeX Warning: `!h' float specifier changed to `!ht'.


Package xcolor Warning: Incompatible color definition on input line 98.

[3]

Package xcolor Warning: Incompatible color definition on input line 100.


Package xcolor Warning: Incompatible color definition on input line 100.


Package xcolor Warning: Incompatible color definition on input line 100.


Package xcolor Warning: Incompatible color definition on input line 172.


Package xcolor Warning: Incompatible color definition on input line 174.


Package xcolor Warning: Incompatible color definition on input line 174.

[4]

LaTeX Warning: Citation 'Buzug04' on page 5 undefined on input line 176.


Package xcolor Warning: Incompatible color definition on input line 176.


Package xcolor Warning: Incompatible color definition on input line 247.


LaTeX Warning: `h' float specifier changed to `ht'.


Package xcolor Warning: Incompatible color definition on input line 316.

[5]

Package xcolor Warning: Incompatible color definition on input line 320.


Package xcolor Warning: Incompatible color definition on input line 333.


Package xcolor Warning: Incompatible color definition on input line 333.


Package xcolor Warning: Incompatible color definition on input line 338.


Package xcolor Warning: Incompatible color definition on input line 386.


LaTeX Warning: `!h' float specifier changed to `!ht'.

[6]

Package xcolor Warning: Incompatible color definition on input line 391.


Package xcolor Warning: Incompatible color definition on input line 391.


Package xcolor Warning: Incompatible color definition on input line 396.


Package xcolor Warning: Incompatible color definition on input line 396.


Package xcolor Warning: Incompatible color definition on input line 409.


Package xcolor Warning: Incompatible color definition on input line 418.


Package xcolor Warning: Incompatible color definition on input line 418.


Package xcolor Warning: Incompatible color definition on input line 418.


Package xcolor Warning: Incompatible color definition on input line 418.


Package xcolor Warning: Incompatible color definition on input line 420.


Package xcolor Warning: Incompatible color definition on input line 420.

[7]

Package xcolor Warning: Incompatible color definition on input line 470.


Package xcolor Warning: Incompatible color definition on input line 486.


Package xcolor Warning: Incompatible color definition on input line 486.


Package xcolor Warning: Incompatible color definition on input line 491.


Package xcolor Warning: Incompatible color definition on input line 496.


Package xcolor Warning: Incompatible color definition on input line 496.

[8]

Package hyperref Warning: Token not allowed in a PDF string (Unicode):
(hyperref)                removing `math shift' on input line 498.


Package hyperref Warning: Token not allowed in a PDF string (Unicode):
(hyperref)                removing `superscript' on input line 498.


Package hyperref Warning: Token not allowed in a PDF string (Unicode):
(hyperref)                removing `math shift' on input line 498.


Package xcolor Warning: Incompatible color definition on input line 505.


Package xcolor Warning: Incompatible color definition on input line 515.


Package xcolor Warning: Incompatible color definition on input line 515.

[9]

Package xcolor Warning: Incompatible color definition on input line 536.


Overfull \hbox (0.46085pt too wide) in paragraph at lines 536--538
\T1/lmr/m/it/12 von, dass ei-ne Funk-ti-on In-te-grier-bar ist. Streng ge-nom-m
en mss-te man das Lebesgue-
 []

[10]

Package xcolor Warning: Incompatible color definition on input line 555.


Package xcolor Warning: Incompatible color definition on input line 560.


Package xcolor Warning: Incompatible color definition on input line 565.


Package xcolor Warning: Incompatible color definition on input line 573.


Package xcolor Warning: Incompatible color definition on input line 573.


Package xcolor Warning: Incompatible color definition on input line 576.


LaTeX Warning: Citation 'Burg91' on page 11 undefined on input line 586.

[11]

Package xcolor Warning: Incompatible color definition on input line 597.


Package xcolor Warning: Incompatible color definition on input line 597.


Package xcolor Warning: Incompatible color definition on input line 602.


Package xcolor Warning: Incompatible color definition on input line 602.


Package xcolor Warning: Incompatible color definition on input line 605.


Package xcolor Warning: Incompatible color definition on input line 613.


Package xcolor Warning: Incompatible color definition on input line 613.


Package xcolor Warning: Incompatible color definition on input line 617.


Package xcolor Warning: Incompatible color definition on input line 619.

[12]

Package xcolor Warning: Incompatible color definition on input line 621.


Package xcolor Warning: Incompatible color definition on input line 642.


Package xcolor Warning: Incompatible color definition on input line 642.


Package xcolor Warning: Incompatible color definition on input line 642.


Package xcolor Warning: Incompatible color definition on input line 647.


Package xcolor Warning: Incompatible color definition on input line 649.


LaTeX Warning: `!h' float specifier changed to `!ht'.


Package xcolor Warning: Incompatible color definition on input line 710.


Package xcolor Warning: Incompatible color definition on input line 716.


Package xcolor Warning: Incompatible color definition on input line 716.


Package xcolor Warning: Incompatible color definition on input line 719.


Package xcolor Warning: Incompatible color definition on input line 719.


Package xcolor Warning: Incompatible color definition on input line 719.

[13]

LaTeX Warning: Citation 'Heuser75' on page 14 undefined on input line 730.


LaTeX Warning: Citation 'Rieder03' on page 14 undefined on input line 735.


Package xcolor Warning: Incompatible color definition on input line 740.

[14]

Package xcolor Warning: Incompatible color definition on input line 746.


LaTeX Warning: Citation 'Rieder03' on page 15 undefined on input line 750.


Package xcolor Warning: Incompatible color definition on input line 750.

<xymatrix 3x2 192>

LaTeX Warning: Citation 'Rieder03' on page 15 undefined on input line 764.


Package xcolor Warning: Incompatible color definition on input line 769.


Package xcolor Warning: Incompatible color definition on input line 777.


Package xcolor Warning: Incompatible color definition on input line 777.


Package xcolor Warning: Incompatible color definition on input line 780.


Package xcolor Warning: Incompatible color definition on input line 782.


Package xcolor Warning: Incompatible color definition on input line 782.


Package xcolor Warning: Incompatible color definition on input line 782.

[15]

LaTeX Warning: Citation 'Rieder03' on page 16 undefined on input line 790.


LaTeX Warning: Citation 'Rieder03' on page 16 undefined on input line 790.


Package xcolor Warning: Incompatible color definition on input line 806.


Package xcolor Warning: Incompatible color definition on input line 806.


Package xcolor Warning: Incompatible color definition on input line 817.

) [16]
\openout2 = `captures/anhang_a.aux'.

 (captures/anhang_a.tex
chapter A.

LaTeX Warning: Reference `equa:3.3' on page 17 undefined on input line 9.

LaTeX Font Info:    Trying to load font information for T1+lmtt on input line 1
1.
(C:\Users\admin2\AppData\Local\Programs\MiKTeX\tex/latex/lm\t1lmtt.fd
File: t1lmtt.fd 2015/05/01 v1.6.1 Font defs for Latin Modern
)
LaTeX Font Info:    Trying to load font information for TS1+lmtt on input line 
21.

(C:\Users\admin2\AppData\Local\Programs\MiKTeX\tex/latex/lm\ts1lmtt.fd
File: ts1lmtt.fd 2015/05/01 v1.6.1 Font defs for Latin Modern
)

LaTeX Warning: Reference `equa:3.3' on page 17 undefined on input line 43.

[17





{C:/Users/admin2/AppData/Local/Programs/MiKTeX/fonts/enc/dvips/lm/lm-ts1.enc}]

Package xcolor Warning: Incompatible color definition on input line 48.


LaTeX Warning: Reference `equa:3.2' on page 18 undefined on input line 81.


Package xcolor Warning: Incompatible color definition on input line 85.

[18]

Package hyperref Warning: Token not allowed in a PDF string (Unicode):
(hyperref)                removing `math shift' on input line 116.


Package hyperref Warning: Token not allowed in a PDF string (Unicode):
(hyperref)                removing `math shift' on input line 116.


LaTeX Warning: Citation 'Hansen' on page 19 undefined on input line 119.

[19]

LaTeX Warning: Reference `equa:3.25' on page 20 undefined on input line 161.


LaTeX Warning: Reference `equa:3.31' on page 20 undefined on input line 169.


LaTeX Warning: Reference `equa:3.28' on page 20 undefined on input line 169.


LaTeX Warning: Reference `equa:3.26' on page 20 undefined on input line 169.

[20]) [21]
\openout2 = `captures/anhang_b.aux'.

 (captures/anhang_b.tex
chapter B.
LaTeX Font Info:    Trying to load font information for TS1+lmr on input line 1
0.
(C:\Users\admin2\AppData\Local\Programs\MiKTeX\tex/latex/lm\ts1lmr.fd
File: ts1lmr.fd 2015/05/01 v1.6.1 Font defs for Latin Modern
)

LaTeX Font Warning: Font shape `T1/lmss/bx/sc' undefined
(Font)              using `T1/lmss/bx/n' instead on input line 14.

) [22





]
chapter without number

LaTeX Warning: Empty bibliography on input line 202.


LaTeX Warning: Empty bibliography on input line 202.


LaTeX Warning: Empty bibliography on input line 202.

[23





] (MA_Gesler.lof

Package xcolor Warning: Incompatible color definition on input line 3.


Package xcolor Warning: Incompatible color definition on input line 3.


Package xcolor Warning: Incompatible color definition on input line 4.


Package xcolor Warning: Incompatible color definition on input line 5.


Package xcolor Warning: Incompatible color definition on input line 6.


Package xcolor Warning: Incompatible color definition on input line 7.


Package xcolor Warning: Incompatible color definition on input line 8.


Package xcolor Warning: Incompatible color definition on input line 9.


Package xcolor Warning: Incompatible color definition on input line 10.

)
\tf@lof=\write8
\openout8 = `MA_Gesler.lof'.

 [24


] (MA_Gesler.aux (Zusammenfassung.aux) (captures/01.aux)
(captures/anhang_a.aux) (captures/anhang_b.aux))
 ***********
LaTeX2e <2023-11-01>
L3 programming layer <2020/03/25>
 ***********


LaTeX Font Warning: Some font shapes were not available, defaults substituted.


LaTeX Warning: There were undefined references.

Package rerunfilecheck Info: File `MA_Gesler.out' has not changed.
(rerunfilecheck)             Checksum: D41D8CD98F00B204E9800998ECF8427E;0.

Package biblatex Warning: Please (re)run Biber on the file:
(biblatex)                MA_Gesler
(biblatex)                and rerun LaTeX afterwards.

Package logreq Info: Writing requests to 'MA_Gesler.run.xml'.
\openout1 = `MA_Gesler.run.xml'.

 ) 
Here is how much of TeX's memory you used:
 43991 strings out of 474491
 834767 string characters out of 5743363
 2118473 words of memory out of 5000000
 65099 multiletter control sequences out of 15000+600000
 649666 words of font info for 128 fonts, out of 8000000 for 9000
 1145 hyphenation exceptions out of 8191
 122i,18n,145p,10907b,2463s stack positions out of 10000i,1000n,20000p,200000b,200000s
<C:/Users/admin2/AppData/Local/Programs/MiKTeX/fonts/type1/public/amsfonts/cm
/cmex10.pfb><C:/Users/admin2/AppData/Local/Programs/MiKTeX/fonts/type1/public/a
msfonts/cmextra/cmex8.pfb><C:/Users/admin2/AppData/Local/Programs/MiKTeX/fonts/
type1/public/lm/lmbx10.pfb><C:/Users/admin2/AppData/Local/Programs/MiKTeX/fonts
/type1/public/lm/lmbx12.pfb><C:/Users/admin2/AppData/Local/Programs/MiKTeX/font
s/type1/public/lm/lmcsc10.pfb><C:/Users/admin2/AppData/Local/Programs/MiKTeX/fo
nts/type1/public/lm/lmmi10.pfb><C:/Users/admin2/AppData/Local/Programs/MiKTeX/f
onts/type1/public/lm/lmmi12.pfb><C:/Users/admin2/AppData/Local/Programs/MiKTeX/
fonts/type1/public/lm/lmmi5.pfb><C:/Users/admin2/AppData/Local/Programs/MiKTeX/
fonts/type1/public/lm/lmmi6.pfb><C:/Users/admin2/AppData/Local/Programs/MiKTeX/
fonts/type1/public/lm/lmmi7.pfb><C:/Users/admin2/AppData/Local/Programs/MiKTeX/
fonts/type1/public/lm/lmmi8.pfb><C:/Users/admin2/AppData/Local/Programs/MiKTeX/
fonts/type1/public/lm/lmr10.pfb><C:/Users/admin2/AppData/Local/Programs/MiKTeX/
fonts/type1/public/lm/lmr12.pfb><C:/Users/admin2/AppData/Local/Programs/MiKTeX/
fonts/type1/public/lm/lmr6.pfb><C:/Users/admin2/AppData/Local/Programs/MiKTeX/f
onts/type1/public/lm/lmr7.pfb><C:/Users/admin2/AppData/Local/Programs/MiKTeX/fo
nts/type1/public/lm/lmr8.pfb><C:/Users/admin2/AppData/Local/Programs/MiKTeX/fon
ts/type1/public/lm/lmri10.pfb><C:/Users/admin2/AppData/Local/Programs/MiKTeX/fo
nts/type1/public/lm/lmri12.pfb><C:/Users/admin2/AppData/Local/Programs/MiKTeX/f
onts/type1/public/lm/lmss12.pfb><C:/Users/admin2/AppData/Local/Programs/MiKTeX/
fonts/type1/public/lm/lmssbx10.pfb><C:/Users/admin2/AppData/Local/Programs/MiKT
eX/fonts/type1/public/lm/lmsy10.pfb><C:/Users/admin2/AppData/Local/Programs/MiK
TeX/fonts/type1/public/lm/lmsy5.pfb><C:/Users/admin2/AppData/Local/Programs/MiK
TeX/fonts/type1/public/lm/lmsy6.pfb><C:/Users/admin2/AppData/Local/Programs/MiK
TeX/fonts/type1/public/lm/lmsy7.pfb><C:/Users/admin2/AppData/Local/Programs/MiK
TeX/fonts/type1/public/lm/lmsy8.pfb><C:/Users/admin2/AppData/Local/Programs/MiK
TeX/fonts/type1/public/lm/lmtt10.pfb><C:/Users/admin2/AppData/Local/Programs/Mi
KTeX/fonts/type1/public/lm/lmtt12.pfb><C:/Users/admin2/AppData/Local/Programs/M
iKTeX/fonts/type1/public/amsfonts/symbols/msbm10.pfb><C:/Users/admin2/AppData/L
ocal/Programs/MiKTeX/fonts/type1/public/rsfs/rsfs10.pfb><C:/Users/admin2/AppDat
a/Local/Programs/MiKTeX/fonts/type1/public/xypic/xycmat10.pfb><C:/Users/admin2/
AppData/Local/Programs/MiKTeX/fonts/type1/public/xypic/xycmbt10.pfb>
Output written on MA_Gesler.pdf (26 pages, 702027 bytes).
PDF statistics:
 779 PDF objects out of 1000 (max. 8388607)
 273 named destinations out of 1000 (max. 500000)
 219 words of extra memory for PDF output out of 10000 (max. 10000000)

